2024-05-29 22:57:44:481 grammar LogManager.java:25 load lexerRulesCV from ./grammar/CVtoJasmin.g4
2024-05-29 22:57:44:486 grammar LogManager.java:25 before: (COMBINED_GRAMMAR CVtoJasmin (import lexerRulesCV) (RULES (RULE start (BLOCK (ALT INSERT CODE ALLAVE content CLLAVE))) (RULE content (BLOCK (ALT (* (BLOCK (ALT expresiones)))))) (RULE expresiones (BLOCK (ALT declaraciones) (ALT assignament) (ALT imprimir) (ALT ordencondicional) (ALT while))) (RULE declaraciones (BLOCK (ALT tipo ID (? (BLOCK (ALT EQUALS expr))) SEMI))) (RULE assignament (BLOCK (ALT ID EQUALS expr SEMI) (ALT ID (= com (BLOCK (ALT '+=') (ALT '-=') (ALT '*=') (ALT '/=') (ALT '%='))) (? (BLOCK (ALT expr))) SEMI) (ALT ID (= com (BLOCK (ALT '--') (ALT '++'))) (? (BLOCK (ALT expr))) SEMI))) (RULE imprimir (BLOCK (ALT PRINT APARENTESIS expr CPARENTESIS SEMI))) (RULE tipo (BLOCK (ALT (BLOCK (ALT 'margit') (ALT 'radahn') (ALT 'godrick'))))) (RULE expr (BLOCK (ALT APARENTESIS expr CPARENTESIS) (ALT expr (= op (BLOCK (ALT MUL) (ALT DIV) (ALT MOD))) expr) (ALT expr (= op (BLOCK (ALT ADD) (ALT SUB))) expr) (ALT (= op (BLOCK (ALT '+') (ALT '-'))) expr) (ALT (= operator (BLOCK (ALT '<') (ALT '>') (ALT '<=') (ALT '>=') (ALT '==') (ALT '!=') (ALT 'true') (ALT 'false')))) (ALT expr (= operator (BLOCK (ALT '<') (ALT '>') (ALT '<=') (ALT '>=') (ALT '==') (ALT '!=') (ALT 'true') (ALT 'false'))) expr) (ALT expr (= operator (BLOCK (ALT '&&') (ALT '||'))) expr) (ALT INT) (ALT ID) (ALT STRING) (ALT FLOAT) (ALT CHAR))) (RULE ordencondicional (BLOCK (ALT condicional (* (BLOCK (ALT condicional_elseif))) (? (BLOCK (ALT condicional_else)))))) (RULE condicional (BLOCK (ALT IF APARENTESIS expr CPARENTESIS ALLAVE (* (BLOCK (ALT expresiones))) CLLAVE))) (RULE condicional_elseif (BLOCK (ALT ELSE condicional))) (RULE condicional_else (BLOCK (ALT ELSE ALLAVE (* (BLOCK (ALT expresiones))) CLLAVE))) (RULE while (BLOCK (ALT WHILE APARENTESIS (BLOCK (ALT expr)) CPARENTESIS ALLAVE (* (BLOCK (ALT expresiones))) CLLAVE))) (RULE INSERT (BLOCK (ALT 'iniciar'))) (RULE CODE (BLOCK (ALT 'codigo'))) (RULE MOD (BLOCK (ALT '%'))) (RULE COMA (BLOCK (ALT ','))) (RULE NEGAN (BLOCK (ALT '!')))))
2024-05-29 22:57:44:492 grammar LogManager.java:25 imported actions: []
2024-05-29 22:57:44:492 grammar LogManager.java:25 imported rule: (RULE APARENTESIS (BLOCK (ALT '(')))
2024-05-29 22:57:44:492 grammar LogManager.java:25 imported rule: (RULE CPARENTESIS (BLOCK (ALT ')')))
2024-05-29 22:57:44:492 grammar LogManager.java:25 imported rule: (RULE ALLAVE (BLOCK (ALT '{')))
2024-05-29 22:57:44:492 grammar LogManager.java:25 imported rule: (RULE CLLAVE (BLOCK (ALT '}')))
2024-05-29 22:57:44:492 grammar LogManager.java:25 imported rule: (RULE EQUALS (BLOCK (ALT '=')))
2024-05-29 22:57:44:493 grammar LogManager.java:25 imported rule: (RULE MUL (BLOCK (ALT '*')))
2024-05-29 22:57:44:493 grammar LogManager.java:25 imported rule: (RULE DIV (BLOCK (ALT '/')))
2024-05-29 22:57:44:493 grammar LogManager.java:25 imported rule: (RULE ADD (BLOCK (ALT '+')))
2024-05-29 22:57:44:493 grammar LogManager.java:25 imported rule: (RULE SUB (BLOCK (ALT '-')))
2024-05-29 22:57:44:493 grammar LogManager.java:25 imported rule: (RULE PRINT (BLOCK (ALT 'MostrarMensaje')))
2024-05-29 22:57:44:493 grammar LogManager.java:25 imported rule: (RULE IF (BLOCK (ALT 'verificar')))
2024-05-29 22:57:44:493 grammar LogManager.java:25 imported rule: (RULE ELSE (BLOCK (ALT 'contrario')))
2024-05-29 22:57:44:493 grammar LogManager.java:25 imported rule: (RULE WHILE (BLOCK (ALT 'repetir')))
2024-05-29 22:57:44:493 grammar LogManager.java:25 imported rule: (RULE COND_MAT (BLOCK (ALT (BLOCK (ALT '<') (ALT '>') (ALT '<=') (ALT '>=')))))
2024-05-29 22:57:44:493 grammar LogManager.java:25 imported rule: (RULE COND_LOG (BLOCK (ALT (BLOCK (ALT '==') (ALT '!=') (ALT 'true') (ALT 'false') (ALT '!true') (ALT '!false')))))
2024-05-29 22:57:44:493 grammar LogManager.java:25 imported rule: (RULE STRING (BLOCK (ALT '"' (* (BLOCK (ALT (~ (SET ["]))))) '"')))
2024-05-29 22:57:44:493 grammar LogManager.java:25 imported rule: (RULE INT (BLOCK (ALT (? (BLOCK (ALT '-'))) (+ (BLOCK (ALT [0-9]))))))
2024-05-29 22:57:44:493 grammar LogManager.java:25 imported rule: (RULE ID (BLOCK (ALT (+ (BLOCK (ALT [a-zA-Z]))) (* (BLOCK (ALT [_a-zA-Z0-9]))))))
2024-05-29 22:57:44:493 grammar LogManager.java:25 imported rule: (RULE FLOAT (BLOCK (ALT (? (BLOCK (ALT '-'))) (+ (BLOCK (ALT [0-9]))) [.] (+ (BLOCK (ALT [0-9]))))))
2024-05-29 22:57:44:493 grammar LogManager.java:25 imported rule: (RULE CHAR (BLOCK (ALT '"' (? (BLOCK (ALT [a-zA-Z]))) '"')))
2024-05-29 22:57:44:493 grammar LogManager.java:25 imported rule: (RULE SEMI (BLOCK (ALT ';')))
2024-05-29 22:57:44:493 grammar LogManager.java:25 imported rule: (RULE LINE_COMMENT (BLOCK (LEXER_ALT_ACTION (ALT '//' (* (BLOCK (ALT (~ (SET [\r\n])))))) skip)))
2024-05-29 22:57:44:493 grammar LogManager.java:25 imported rule: (RULE BLOCK_COMMENT (BLOCK (LEXER_ALT_ACTION (ALT '/*' (* (BLOCK (ALT .))) '*/') skip)))
2024-05-29 22:57:44:493 grammar LogManager.java:25 imported rule: (RULE WS (BLOCK (LEXER_ALT_ACTION (ALT (+ (BLOCK (ALT [ \t\r\n])))) skip)))
2024-05-29 22:57:44:493 grammar LogManager.java:25 Grammar: (COMBINED_GRAMMAR CVtoJasmin (import lexerRulesCV) (RULES (RULE start (BLOCK (ALT INSERT CODE ALLAVE content CLLAVE))) (RULE content (BLOCK (ALT (* (BLOCK (ALT expresiones)))))) (RULE expresiones (BLOCK (ALT declaraciones) (ALT assignament) (ALT imprimir) (ALT ordencondicional) (ALT while))) (RULE declaraciones (BLOCK (ALT tipo ID (? (BLOCK (ALT EQUALS expr))) SEMI))) (RULE assignament (BLOCK (ALT ID EQUALS expr SEMI) (ALT ID (= com (BLOCK (ALT '+=') (ALT '-=') (ALT '*=') (ALT '/=') (ALT '%='))) (? (BLOCK (ALT expr))) SEMI) (ALT ID (= com (BLOCK (ALT '--') (ALT '++'))) (? (BLOCK (ALT expr))) SEMI))) (RULE imprimir (BLOCK (ALT PRINT APARENTESIS expr CPARENTESIS SEMI))) (RULE tipo (BLOCK (ALT (BLOCK (ALT 'margit') (ALT 'radahn') (ALT 'godrick'))))) (RULE expr (BLOCK (ALT APARENTESIS expr CPARENTESIS) (ALT expr (= op (BLOCK (ALT MUL) (ALT DIV) (ALT MOD))) expr) (ALT expr (= op (BLOCK (ALT ADD) (ALT SUB))) expr) (ALT (= op (BLOCK (ALT '+') (ALT '-'))) expr) (ALT (= operator (BLOCK (ALT '<') (ALT '>') (ALT '<=') (ALT '>=') (ALT '==') (ALT '!=') (ALT 'true') (ALT 'false')))) (ALT expr (= operator (BLOCK (ALT '<') (ALT '>') (ALT '<=') (ALT '>=') (ALT '==') (ALT '!=') (ALT 'true') (ALT 'false'))) expr) (ALT expr (= operator (BLOCK (ALT '&&') (ALT '||'))) expr) (ALT INT) (ALT ID) (ALT STRING) (ALT FLOAT) (ALT CHAR))) (RULE ordencondicional (BLOCK (ALT condicional (* (BLOCK (ALT condicional_elseif))) (? (BLOCK (ALT condicional_else)))))) (RULE condicional (BLOCK (ALT IF APARENTESIS expr CPARENTESIS ALLAVE (* (BLOCK (ALT expresiones))) CLLAVE))) (RULE condicional_elseif (BLOCK (ALT ELSE condicional))) (RULE condicional_else (BLOCK (ALT ELSE ALLAVE (* (BLOCK (ALT expresiones))) CLLAVE))) (RULE while (BLOCK (ALT WHILE APARENTESIS (BLOCK (ALT expr)) CPARENTESIS ALLAVE (* (BLOCK (ALT expresiones))) CLLAVE))) (RULE INSERT (BLOCK (ALT 'iniciar'))) (RULE CODE (BLOCK (ALT 'codigo'))) (RULE MOD (BLOCK (ALT '%'))) (RULE COMA (BLOCK (ALT ','))) (RULE NEGAN (BLOCK (ALT '!'))) (RULE APARENTESIS (BLOCK (ALT '('))) (RULE CPARENTESIS (BLOCK (ALT ')'))) (RULE ALLAVE (BLOCK (ALT '{'))) (RULE CLLAVE (BLOCK (ALT '}'))) (RULE EQUALS (BLOCK (ALT '='))) (RULE MUL (BLOCK (ALT '*'))) (RULE DIV (BLOCK (ALT '/'))) (RULE ADD (BLOCK (ALT '+'))) (RULE SUB (BLOCK (ALT '-'))) (RULE PRINT (BLOCK (ALT 'MostrarMensaje'))) (RULE IF (BLOCK (ALT 'verificar'))) (RULE ELSE (BLOCK (ALT 'contrario'))) (RULE WHILE (BLOCK (ALT 'repetir'))) (RULE COND_MAT (BLOCK (ALT (BLOCK (ALT '<') (ALT '>') (ALT '<=') (ALT '>='))))) (RULE COND_LOG (BLOCK (ALT (BLOCK (ALT '==') (ALT '!=') (ALT 'true') (ALT 'false') (ALT '!true') (ALT '!false'))))) (RULE STRING (BLOCK (ALT '"' (* (BLOCK (ALT (~ (SET ["]))))) '"'))) (RULE INT (BLOCK (ALT (? (BLOCK (ALT '-'))) (+ (BLOCK (ALT [0-9])))))) (RULE ID (BLOCK (ALT (+ (BLOCK (ALT [a-zA-Z]))) (* (BLOCK (ALT [_a-zA-Z0-9])))))) (RULE FLOAT (BLOCK (ALT (? (BLOCK (ALT '-'))) (+ (BLOCK (ALT [0-9]))) [.] (+ (BLOCK (ALT [0-9])))))) (RULE CHAR (BLOCK (ALT '"' (? (BLOCK (ALT [a-zA-Z]))) '"'))) (RULE SEMI (BLOCK (ALT ';'))) (RULE LINE_COMMENT (BLOCK (LEXER_ALT_ACTION (ALT '//' (* (BLOCK (ALT (~ (SET [\r\n])))))) skip))) (RULE BLOCK_COMMENT (BLOCK (LEXER_ALT_ACTION (ALT '/*' (* (BLOCK (ALT .))) '*/') skip))) (RULE WS (BLOCK (LEXER_ALT_ACTION (ALT (+ (BLOCK (ALT [ \t\r\n])))) skip)))))
2024-05-29 22:57:44:513 grammar LogManager.java:25 after: (COMBINED_GRAMMAR CVtoJasmin (import lexerRulesCV) (RULES (RULE start (BLOCK (ALT INSERT CODE ALLAVE content CLLAVE))) (RULE content (BLOCK (ALT (* (BLOCK (ALT expresiones)))))) (RULE expresiones (BLOCK (ALT declaraciones) (ALT assignament) (ALT imprimir) (ALT ordencondicional) (ALT while))) (RULE declaraciones (BLOCK (ALT tipo ID (? (BLOCK (ALT EQUALS expr))) SEMI))) (RULE assignament (BLOCK (ALT ID EQUALS expr SEMI) (ALT ID (= com (SET '+=' '-=' '*=' '/=' '%=')) (? (BLOCK (ALT expr))) SEMI) (ALT ID (= com (SET '--' '++')) (? (BLOCK (ALT expr))) SEMI))) (RULE imprimir (BLOCK (ALT PRINT APARENTESIS expr CPARENTESIS SEMI))) (RULE tipo (BLOCK (ALT (SET 'margit' 'radahn' 'godrick')))) (RULE expr (BLOCK (ALT APARENTESIS expr CPARENTESIS) (ALT expr (= op (SET MUL DIV MOD)) expr) (ALT expr (= op (SET ADD SUB)) expr) (ALT (= op (SET '+' '-')) expr) (ALT (= operator (SET '<' '>' '<=' '>=' '==' '!=' 'true' 'false'))) (ALT expr (= operator (SET '<' '>' '<=' '>=' '==' '!=' 'true' 'false')) expr) (ALT expr (= operator (SET '&&' '||')) expr) (ALT INT) (ALT ID) (ALT STRING) (ALT FLOAT) (ALT CHAR))) (RULE ordencondicional (BLOCK (ALT condicional (* (BLOCK (ALT condicional_elseif))) (? (BLOCK (ALT condicional_else)))))) (RULE condicional (BLOCK (ALT IF APARENTESIS expr CPARENTESIS ALLAVE (* (BLOCK (ALT expresiones))) CLLAVE))) (RULE condicional_elseif (BLOCK (ALT ELSE condicional))) (RULE condicional_else (BLOCK (ALT ELSE ALLAVE (* (BLOCK (ALT expresiones))) CLLAVE))) (RULE while (BLOCK (ALT WHILE APARENTESIS (BLOCK (ALT expr)) CPARENTESIS ALLAVE (* (BLOCK (ALT expresiones))) CLLAVE))) (RULE INSERT (BLOCK (ALT 'iniciar'))) (RULE CODE (BLOCK (ALT 'codigo'))) (RULE MOD (BLOCK (ALT '%'))) (RULE COMA (BLOCK (ALT ','))) (RULE NEGAN (BLOCK (ALT '!'))) (RULE APARENTESIS (BLOCK (ALT '('))) (RULE CPARENTESIS (BLOCK (ALT ')'))) (RULE ALLAVE (BLOCK (ALT '{'))) (RULE CLLAVE (BLOCK (ALT '}'))) (RULE EQUALS (BLOCK (ALT '='))) (RULE MUL (BLOCK (ALT '*'))) (RULE DIV (BLOCK (ALT '/'))) (RULE ADD (BLOCK (ALT '+'))) (RULE SUB (BLOCK (ALT '-'))) (RULE PRINT (BLOCK (ALT 'MostrarMensaje'))) (RULE IF (BLOCK (ALT 'verificar'))) (RULE ELSE (BLOCK (ALT 'contrario'))) (RULE WHILE (BLOCK (ALT 'repetir'))) (RULE COND_MAT (BLOCK (ALT (BLOCK (ALT '<') (ALT '>') (ALT '<=') (ALT '>='))))) (RULE COND_LOG (BLOCK (ALT (BLOCK (ALT '==') (ALT '!=') (ALT 'true') (ALT 'false') (ALT '!true') (ALT '!false'))))) (RULE STRING (BLOCK (ALT '"' (* (BLOCK (ALT (~ (SET ["]))))) '"'))) (RULE INT (BLOCK (ALT (? (BLOCK (ALT '-'))) (+ (BLOCK (ALT [0-9])))))) (RULE ID (BLOCK (ALT (+ (BLOCK (ALT [a-zA-Z]))) (* (BLOCK (ALT [_a-zA-Z0-9])))))) (RULE FLOAT (BLOCK (ALT (? (BLOCK (ALT '-'))) (+ (BLOCK (ALT [0-9]))) [.] (+ (BLOCK (ALT [0-9])))))) (RULE CHAR (BLOCK (ALT '"' (? (BLOCK (ALT [a-zA-Z]))) '"'))) (RULE SEMI (BLOCK (ALT ';'))) (RULE LINE_COMMENT (BLOCK (LEXER_ALT_ACTION (ALT '//' (* (BLOCK (ALT (~ (SET [\r\n])))))) skip))) (RULE BLOCK_COMMENT (BLOCK (LEXER_ALT_ACTION (ALT '/*' (* (BLOCK (ALT .))) '*/') skip))) (RULE WS (BLOCK (LEXER_ALT_ACTION (ALT (+ (BLOCK (ALT [ \t\r\n])))) skip)))))
2024-05-29 22:57:44:540 grammar LogManager.java:25 after extract implicit lexer =(COMBINED_GRAMMAR CVtoJasmin (import lexerRulesCV) (RULES (RULE start (BLOCK (ALT INSERT CODE ALLAVE content CLLAVE))) (RULE content (BLOCK (ALT (* (BLOCK (ALT expresiones)))))) (RULE expresiones (BLOCK (ALT declaraciones) (ALT assignament) (ALT imprimir) (ALT ordencondicional) (ALT while))) (RULE declaraciones (BLOCK (ALT tipo ID (? (BLOCK (ALT EQUALS expr))) SEMI))) (RULE assignament (BLOCK (ALT ID EQUALS expr SEMI) (ALT ID (= com (SET '+=' '-=' '*=' '/=' '%=')) (? (BLOCK (ALT expr))) SEMI) (ALT ID (= com (SET '--' '++')) (? (BLOCK (ALT expr))) SEMI))) (RULE imprimir (BLOCK (ALT PRINT APARENTESIS expr CPARENTESIS SEMI))) (RULE tipo (BLOCK (ALT (SET 'margit' 'radahn' 'godrick')))) (RULE expr (BLOCK (ALT APARENTESIS expr CPARENTESIS) (ALT expr (= op (SET MUL DIV MOD)) expr) (ALT expr (= op (SET ADD SUB)) expr) (ALT (= op (SET '+' '-')) expr) (ALT (= operator (SET '<' '>' '<=' '>=' '==' '!=' 'true' 'false'))) (ALT expr (= operator (SET '<' '>' '<=' '>=' '==' '!=' 'true' 'false')) expr) (ALT expr (= operator (SET '&&' '||')) expr) (ALT INT) (ALT ID) (ALT STRING) (ALT FLOAT) (ALT CHAR))) (RULE ordencondicional (BLOCK (ALT condicional (* (BLOCK (ALT condicional_elseif))) (? (BLOCK (ALT condicional_else)))))) (RULE condicional (BLOCK (ALT IF APARENTESIS expr CPARENTESIS ALLAVE (* (BLOCK (ALT expresiones))) CLLAVE))) (RULE condicional_elseif (BLOCK (ALT ELSE condicional))) (RULE condicional_else (BLOCK (ALT ELSE ALLAVE (* (BLOCK (ALT expresiones))) CLLAVE))) (RULE while (BLOCK (ALT WHILE APARENTESIS (BLOCK (ALT expr)) CPARENTESIS ALLAVE (* (BLOCK (ALT expresiones))) CLLAVE)))))
2024-05-29 22:57:44:540 grammar LogManager.java:25 lexer =(LEXER_GRAMMAR CVtoJasminLexer (RULES (RULE T__0 (BLOCK (ALT '+='))) (RULE T__1 (BLOCK (ALT '-='))) (RULE T__2 (BLOCK (ALT '*='))) (RULE T__3 (BLOCK (ALT '/='))) (RULE T__4 (BLOCK (ALT '%='))) (RULE T__5 (BLOCK (ALT '--'))) (RULE T__6 (BLOCK (ALT '++'))) (RULE T__7 (BLOCK (ALT 'margit'))) (RULE T__8 (BLOCK (ALT 'radahn'))) (RULE T__9 (BLOCK (ALT 'godrick'))) (RULE T__10 (BLOCK (ALT '<'))) (RULE T__11 (BLOCK (ALT '>'))) (RULE T__12 (BLOCK (ALT '<='))) (RULE T__13 (BLOCK (ALT '>='))) (RULE T__14 (BLOCK (ALT '=='))) (RULE T__15 (BLOCK (ALT '!='))) (RULE T__16 (BLOCK (ALT 'true'))) (RULE T__17 (BLOCK (ALT 'false'))) (RULE T__18 (BLOCK (ALT '&&'))) (RULE T__19 (BLOCK (ALT '||'))) (RULE INSERT (BLOCK (ALT 'iniciar'))) (RULE CODE (BLOCK (ALT 'codigo'))) (RULE MOD (BLOCK (ALT '%'))) (RULE COMA (BLOCK (ALT ','))) (RULE NEGAN (BLOCK (ALT '!'))) (RULE APARENTESIS (BLOCK (ALT '('))) (RULE CPARENTESIS (BLOCK (ALT ')'))) (RULE ALLAVE (BLOCK (ALT '{'))) (RULE CLLAVE (BLOCK (ALT '}'))) (RULE EQUALS (BLOCK (ALT '='))) (RULE MUL (BLOCK (ALT '*'))) (RULE DIV (BLOCK (ALT '/'))) (RULE ADD (BLOCK (ALT '+'))) (RULE SUB (BLOCK (ALT '-'))) (RULE PRINT (BLOCK (ALT 'MostrarMensaje'))) (RULE IF (BLOCK (ALT 'verificar'))) (RULE ELSE (BLOCK (ALT 'contrario'))) (RULE WHILE (BLOCK (ALT 'repetir'))) (RULE COND_MAT (BLOCK (ALT (BLOCK (ALT '<') (ALT '>') (ALT '<=') (ALT '>='))))) (RULE COND_LOG (BLOCK (ALT (BLOCK (ALT '==') (ALT '!=') (ALT 'true') (ALT 'false') (ALT '!true') (ALT '!false'))))) (RULE STRING (BLOCK (ALT '"' (* (BLOCK (ALT (~ (SET ["]))))) '"'))) (RULE INT (BLOCK (ALT (? (BLOCK (ALT '-'))) (+ (BLOCK (ALT [0-9])))))) (RULE ID (BLOCK (ALT (+ (BLOCK (ALT [a-zA-Z]))) (* (BLOCK (ALT [_a-zA-Z0-9])))))) (RULE FLOAT (BLOCK (ALT (? (BLOCK (ALT '-'))) (+ (BLOCK (ALT [0-9]))) [.] (+ (BLOCK (ALT [0-9])))))) (RULE CHAR (BLOCK (ALT '"' (? (BLOCK (ALT [a-zA-Z]))) '"'))) (RULE SEMI (BLOCK (ALT ';'))) (RULE LINE_COMMENT (BLOCK (LEXER_ALT_ACTION (ALT '//' (* (BLOCK (ALT (~ (SET [\r\n])))))) skip))) (RULE BLOCK_COMMENT (BLOCK (LEXER_ALT_ACTION (ALT '/*' (* (BLOCK (ALT .))) '*/') skip))) (RULE WS (BLOCK (LEXER_ALT_ACTION (ALT (+ (BLOCK (ALT [ \t\r\n])))) skip)))))
2024-05-29 22:57:44:780 left-recursion LogManager.java:25 expr
    :   ( {} APARENTESIS<tokenIndex=186> expr<tokenIndex=188> CPARENTESIS<tokenIndex=190>  
        | op=('+'<tokenIndex=243>|'-'<tokenIndex=245>) expr<tokenIndex=248,p=9> 
        | operator=('<'<tokenIndex=258>|'>'<tokenIndex=260>|'<='<tokenIndex=262>|'>='<tokenIndex=264>|'=='<tokenIndex=266>|'!='<tokenIndex=268>|'true'<tokenIndex=270>|'false'<tokenIndex=272>)  
        | INT<tokenIndex=326>  
        | ID<tokenIndex=333>  
        | STRING<tokenIndex=340>  
        | FLOAT<tokenIndex=347>  
        | CHAR<tokenIndex=354>  
        )
        (
          {this.precpred(this._ctx, 11)}?<p=11> op=(MUL<tokenIndex=202> | DIV<tokenIndex=206> | MOD<tokenIndex=210>) expr<tokenIndex=213,p=12>
                  | {this.precpred(this._ctx, 10)}?<p=10> op=(ADD<tokenIndex=226> | SUB<tokenIndex=230>) expr<tokenIndex=233,p=11>
                  | {this.precpred(this._ctx, 7)}?<p=7> operator=('<'<tokenIndex=285>|'>'<tokenIndex=287>|'<='<tokenIndex=289>|'>='<tokenIndex=291>|'=='<tokenIndex=293>|'!='<tokenIndex=295>|'true'<tokenIndex=297>|'false'<tokenIndex=299>) expr<tokenIndex=302,p=8>
                  | {this.precpred(this._ctx, 6)}?<p=6> operator=('&&'<tokenIndex=314>|'||'<tokenIndex=316>) expr<tokenIndex=319,p=7>
        )*
    ;
2024-05-29 22:57:44:790 grammar LogManager.java:25 added: (RULE expr (BLOCK (ALT (BLOCK (ALT {} (APARENTESIS (ELEMENT_OPTIONS (= tokenIndex 186))) (expr (ELEMENT_OPTIONS (= tokenIndex 188))) (CPARENTESIS (ELEMENT_OPTIONS (= tokenIndex 190)))) (ALT (= op (SET ('+' (ELEMENT_OPTIONS (= tokenIndex 243))) ('-' (ELEMENT_OPTIONS (= tokenIndex 245))))) (expr (ELEMENT_OPTIONS (= tokenIndex 248) (= p 9)))) (ALT (= operator (SET ('<' (ELEMENT_OPTIONS (= tokenIndex 258))) ('>' (ELEMENT_OPTIONS (= tokenIndex 260))) ('<=' (ELEMENT_OPTIONS (= tokenIndex 262))) ('>=' (ELEMENT_OPTIONS (= tokenIndex 264))) ('==' (ELEMENT_OPTIONS (= tokenIndex 266))) ('!=' (ELEMENT_OPTIONS (= tokenIndex 268))) ('true' (ELEMENT_OPTIONS (= tokenIndex 270))) ('false' (ELEMENT_OPTIONS (= tokenIndex 272)))))) (ALT (INT (ELEMENT_OPTIONS (= tokenIndex 326)))) (ALT (ID (ELEMENT_OPTIONS (= tokenIndex 333)))) (ALT (STRING (ELEMENT_OPTIONS (= tokenIndex 340)))) (ALT (FLOAT (ELEMENT_OPTIONS (= tokenIndex 347)))) (ALT (CHAR (ELEMENT_OPTIONS (= tokenIndex 354))))) (* (BLOCK (ALT ({this.precpred(this._ctx, 11)}? (ELEMENT_OPTIONS (= p 11))) (= op (SET (MUL (ELEMENT_OPTIONS (= tokenIndex 202))) (DIV (ELEMENT_OPTIONS (= tokenIndex 206))) (MOD (ELEMENT_OPTIONS (= tokenIndex 210))))) (expr (ELEMENT_OPTIONS (= tokenIndex 213) (= p 12)))) (ALT ({this.precpred(this._ctx, 10)}? (ELEMENT_OPTIONS (= p 10))) (= op (SET (ADD (ELEMENT_OPTIONS (= tokenIndex 226))) (SUB (ELEMENT_OPTIONS (= tokenIndex 230))))) (expr (ELEMENT_OPTIONS (= tokenIndex 233) (= p 11)))) (ALT ({this.precpred(this._ctx, 7)}? (ELEMENT_OPTIONS (= p 7))) (= operator (SET ('<' (ELEMENT_OPTIONS (= tokenIndex 285))) ('>' (ELEMENT_OPTIONS (= tokenIndex 287))) ('<=' (ELEMENT_OPTIONS (= tokenIndex 289))) ('>=' (ELEMENT_OPTIONS (= tokenIndex 291))) ('==' (ELEMENT_OPTIONS (= tokenIndex 293))) ('!=' (ELEMENT_OPTIONS (= tokenIndex 295))) ('true' (ELEMENT_OPTIONS (= tokenIndex 297))) ('false' (ELEMENT_OPTIONS (= tokenIndex 299))))) (expr (ELEMENT_OPTIONS (= tokenIndex 302) (= p 8)))) (ALT ({this.precpred(this._ctx, 6)}? (ELEMENT_OPTIONS (= p 6))) (= operator (SET ('&&' (ELEMENT_OPTIONS (= tokenIndex 314))) ('||' (ELEMENT_OPTIONS (= tokenIndex 316))))) (expr (ELEMENT_OPTIONS (= tokenIndex 319) (= p 7)))))))))
2024-05-29 22:57:44:793 semantics LogManager.java:25 tokens={EOF=-1, T__0=1, T__1=2, T__2=3, T__3=4, T__4=5, T__5=6, T__6=7, T__7=8, T__8=9, T__9=10, T__10=11, T__11=12, T__12=13, T__13=14, T__14=15, T__15=16, T__16=17, T__17=18, T__18=19, T__19=20, INSERT=21, CODE=22, MOD=23, COMA=24, NEGAN=25, APARENTESIS=26, CPARENTESIS=27, ALLAVE=28, CLLAVE=29, EQUALS=30, MUL=31, DIV=32, ADD=33, SUB=34, PRINT=35, IF=36, ELSE=37, WHILE=38, COND_MAT=39, COND_LOG=40, STRING=41, INT=42, ID=43, FLOAT=44, CHAR=45, SEMI=46, LINE_COMMENT=47, BLOCK_COMMENT=48, WS=49}
2024-05-29 22:57:44:793 semantics LogManager.java:25 strings={'+='=1, '-='=2, '*='=3, '/='=4, '%='=5, '--'=6, '++'=7, 'margit'=8, 'radahn'=9, 'godrick'=10, '<'=11, '>'=12, '<='=13, '>='=14, '=='=15, '!='=16, 'true'=17, 'false'=18, '&&'=19, '||'=20, 'iniciar'=21, 'codigo'=22, '%'=23, ','=24, '!'=25, '('=26, ')'=27, '{'=28, '}'=29, '='=30, '*'=31, '/'=32, '+'=33, '-'=34, 'MostrarMensaje'=35, 'verificar'=36, 'contrario'=37, 'repetir'=38, ';'=46}
2024-05-29 22:57:44:803 LL1 LogManager.java:25 
DECISION 0 in rule content
2024-05-29 22:57:44:803 LL1 LogManager.java:25 LL(1)? false
2024-05-29 22:57:44:803 LL1 LogManager.java:25 
DECISION 1 in rule expresiones
2024-05-29 22:57:44:804 LL1 LogManager.java:25 look=[{8..10}, 43, 35, 36, 38]
2024-05-29 22:57:44:804 LL1 LogManager.java:25 LL(1)? true
2024-05-29 22:57:44:804 LL1 LogManager.java:25 
DECISION 2 in rule declaraciones
2024-05-29 22:57:44:804 LL1 LogManager.java:25 look=[30, 46]
2024-05-29 22:57:44:804 LL1 LogManager.java:25 LL(1)? true
2024-05-29 22:57:44:804 LL1 LogManager.java:25 
DECISION 3 in rule assignament
2024-05-29 22:57:44:804 LL1 LogManager.java:25 look=[{11..18, 26, 33..34, 41..45}, 46]
2024-05-29 22:57:44:804 LL1 LogManager.java:25 LL(1)? true
2024-05-29 22:57:44:804 LL1 LogManager.java:25 
DECISION 4 in rule assignament
2024-05-29 22:57:44:804 LL1 LogManager.java:25 look=[{11..18, 26, 33..34, 41..45}, 46]
2024-05-29 22:57:44:804 LL1 LogManager.java:25 LL(1)? true
2024-05-29 22:57:44:804 LL1 LogManager.java:25 
DECISION 5 in rule assignament
2024-05-29 22:57:44:804 LL1 LogManager.java:25 look=[43, 43, 43]
2024-05-29 22:57:44:804 LL1 LogManager.java:25 LL(1)? false
2024-05-29 22:57:44:804 LL1 LogManager.java:25 
DECISION 6 in rule expr
2024-05-29 22:57:44:804 LL1 LogManager.java:25 look=[26, {33..34}, {11..18}, 42, 43, 41, 44, 45]
2024-05-29 22:57:44:804 LL1 LogManager.java:25 LL(1)? true
2024-05-29 22:57:44:804 LL1 LogManager.java:25 
DECISION 7 in rule expr
2024-05-29 22:57:44:804 LL1 LogManager.java:25 look=[null, null, null, null]
2024-05-29 22:57:44:804 LL1 LogManager.java:25 LL(1)? false
2024-05-29 22:57:44:804 LL1 LogManager.java:25 
DECISION 8 in rule expr
2024-05-29 22:57:44:804 LL1 LogManager.java:25 look=[null, null]
2024-05-29 22:57:44:804 LL1 LogManager.java:25 LL(1)? false
2024-05-29 22:57:44:804 LL1 LogManager.java:25 
DECISION 9 in rule ordencondicional
2024-05-29 22:57:44:806 LL1 LogManager.java:25 look=[37, {8..10, 29, 35..38, 43}]
2024-05-29 22:57:44:806 LL1 LogManager.java:25 LL(1)? false
2024-05-29 22:57:44:806 LL1 LogManager.java:25 
DECISION 10 in rule ordencondicional
2024-05-29 22:57:44:806 LL1 LogManager.java:25 look=[37, {8..10, 29, 35..36, 38, 43}]
2024-05-29 22:57:44:806 LL1 LogManager.java:25 LL(1)? true
2024-05-29 22:57:44:806 LL1 LogManager.java:25 
DECISION 11 in rule condicional
2024-05-29 22:57:44:806 LL1 LogManager.java:25 look=[{8..10, 35..36, 38, 43}, 29]
2024-05-29 22:57:44:806 LL1 LogManager.java:25 LL(1)? true
2024-05-29 22:57:44:806 LL1 LogManager.java:25 
DECISION 12 in rule condicional_else
2024-05-29 22:57:44:806 LL1 LogManager.java:25 look=[{8..10, 35..36, 38, 43}, 29]
2024-05-29 22:57:44:806 LL1 LogManager.java:25 LL(1)? true
2024-05-29 22:57:44:806 LL1 LogManager.java:25 
DECISION 13 in rule while
2024-05-29 22:57:44:806 LL1 LogManager.java:25 look=[{8..10, 35..36, 38, 43}, 29]
2024-05-29 22:57:44:806 LL1 LogManager.java:25 LL(1)? true
2024-05-29 22:57:44:832 action-translator LogManager.java:25 translate 
2024-05-29 22:57:44:834 action-translator LogManager.java:25 translate this.precpred(this._ctx, 11)
2024-05-29 22:57:44:835 action-translator LogManager.java:25 translate this.precpred(this._ctx, 10)
2024-05-29 22:57:44:835 action-translator LogManager.java:25 translate this.precpred(this._ctx, 7)
2024-05-29 22:57:44:836 action-translator LogManager.java:25 translate this.precpred(this._ctx, 6)
2024-05-29 22:57:44:837 action-translator LogManager.java:25 translate this.precpred(this._ctx, 11)
2024-05-29 22:57:44:837 action-translator LogManager.java:25 translate this.precpred(this._ctx, 10)
2024-05-29 22:57:44:837 action-translator LogManager.java:25 translate this.precpred(this._ctx, 7)
2024-05-29 22:57:44:837 action-translator LogManager.java:25 translate this.precpred(this._ctx, 6)
