2024-03-05 20:49:00:489 grammar LogManager.java:25 load LexerRules from ./grammar/CodeFile.g4
2024-03-05 20:49:00:492 grammar LogManager.java:25 before: (COMBINED_GRAMMAR CodeFile (import LexerRules) (RULES (RULE start (BLOCK (ALT INSERT CODE '{' content '}'))) (RULE content (BLOCK (ALT (* (BLOCK (ALT expresiones)))))) (RULE expresiones (BLOCK (ALT declaraciones) (ALT asignaciones) (ALT impresiones))) (RULE declaraciones (BLOCK (ALT tipo ID SEMI) (ALT tipo ID '=' expr SEMI))) (RULE asignaciones (BLOCK (ALT ID '=' expr SEMI))) (RULE impresiones (BLOCK (ALT IMPRIMIR '(' ID ')'))) (RULE tipo (BLOCK (ALT 'margit') (ALT 'radahn') (ALT 'godrick'))) (RULE expr (BLOCK (ALT expr (= op (BLOCK (ALT '*') (ALT '/'))) expr) (ALT expr (= op (BLOCK (ALT '+') (ALT '-'))) expr) (ALT INT) (ALT ID))) (RULE MUL (BLOCK (ALT '*'))) (RULE DIV (BLOCK (ALT '/'))) (RULE ADD (BLOCK (ALT '+'))) (RULE SUB (BLOCK (ALT '-')))))
2024-03-05 20:49:00:494 grammar LogManager.java:25 imported actions: []
2024-03-05 20:49:00:494 grammar LogManager.java:25 imported rule: (RULE INSERT (BLOCK (ALT 'iniciar')))
2024-03-05 20:49:00:494 grammar LogManager.java:25 imported rule: (RULE INT (BLOCK (ALT (+ (BLOCK (ALT [0-9]))))))
2024-03-05 20:49:00:494 grammar LogManager.java:25 imported rule: (RULE CODE (BLOCK (ALT 'codigo')))
2024-03-05 20:49:00:494 grammar LogManager.java:25 imported rule: (RULE ID (BLOCK (ALT (+ (BLOCK (ALT [a-zA-Z]))))))
2024-03-05 20:49:00:494 grammar LogManager.java:25 imported rule: (RULE IMPRIMIR (BLOCK (ALT 'printf')))
2024-03-05 20:49:00:494 grammar LogManager.java:25 imported rule: (RULE SEMI (BLOCK (ALT ';')))
2024-03-05 20:49:00:494 grammar LogManager.java:25 imported rule: (RULE WS (BLOCK (LEXER_ALT_ACTION (ALT (+ (BLOCK (ALT [ \t\r\n])))) skip)))
2024-03-05 20:49:00:494 grammar LogManager.java:25 Grammar: (COMBINED_GRAMMAR CodeFile (import LexerRules) (RULES (RULE start (BLOCK (ALT INSERT CODE '{' content '}'))) (RULE content (BLOCK (ALT (* (BLOCK (ALT expresiones)))))) (RULE expresiones (BLOCK (ALT declaraciones) (ALT asignaciones) (ALT impresiones))) (RULE declaraciones (BLOCK (ALT tipo ID SEMI) (ALT tipo ID '=' expr SEMI))) (RULE asignaciones (BLOCK (ALT ID '=' expr SEMI))) (RULE impresiones (BLOCK (ALT IMPRIMIR '(' ID ')'))) (RULE tipo (BLOCK (ALT 'margit') (ALT 'radahn') (ALT 'godrick'))) (RULE expr (BLOCK (ALT expr (= op (BLOCK (ALT '*') (ALT '/'))) expr) (ALT expr (= op (BLOCK (ALT '+') (ALT '-'))) expr) (ALT INT) (ALT ID))) (RULE MUL (BLOCK (ALT '*'))) (RULE DIV (BLOCK (ALT '/'))) (RULE ADD (BLOCK (ALT '+'))) (RULE SUB (BLOCK (ALT '-'))) (RULE INSERT (BLOCK (ALT 'iniciar'))) (RULE INT (BLOCK (ALT (+ (BLOCK (ALT [0-9])))))) (RULE CODE (BLOCK (ALT 'codigo'))) (RULE ID (BLOCK (ALT (+ (BLOCK (ALT [a-zA-Z])))))) (RULE IMPRIMIR (BLOCK (ALT 'printf'))) (RULE SEMI (BLOCK (ALT ';'))) (RULE WS (BLOCK (LEXER_ALT_ACTION (ALT (+ (BLOCK (ALT [ \t\r\n])))) skip)))))
2024-03-05 20:49:00:517 grammar LogManager.java:25 after: (COMBINED_GRAMMAR CodeFile (import LexerRules) (RULES (RULE start (BLOCK (ALT INSERT CODE '{' content '}'))) (RULE content (BLOCK (ALT (* (BLOCK (ALT expresiones)))))) (RULE expresiones (BLOCK (ALT declaraciones) (ALT asignaciones) (ALT impresiones))) (RULE declaraciones (BLOCK (ALT tipo ID SEMI) (ALT tipo ID '=' expr SEMI))) (RULE asignaciones (BLOCK (ALT ID '=' expr SEMI))) (RULE impresiones (BLOCK (ALT IMPRIMIR '(' ID ')'))) (RULE tipo (BLOCK (ALT (SET 'margit' 'radahn' 'godrick')))) (RULE expr (BLOCK (ALT expr (= op (SET '*' '/')) expr) (ALT expr (= op (SET '+' '-')) expr) (ALT INT) (ALT ID))) (RULE MUL (BLOCK (ALT '*'))) (RULE DIV (BLOCK (ALT '/'))) (RULE ADD (BLOCK (ALT '+'))) (RULE SUB (BLOCK (ALT '-'))) (RULE INSERT (BLOCK (ALT 'iniciar'))) (RULE INT (BLOCK (ALT (+ (BLOCK (ALT [0-9])))))) (RULE CODE (BLOCK (ALT 'codigo'))) (RULE ID (BLOCK (ALT (+ (BLOCK (ALT [a-zA-Z])))))) (RULE IMPRIMIR (BLOCK (ALT 'printf'))) (RULE SEMI (BLOCK (ALT ';'))) (RULE WS (BLOCK (LEXER_ALT_ACTION (ALT (+ (BLOCK (ALT [ \t\r\n])))) skip)))))
2024-03-05 20:49:00:542 grammar LogManager.java:25 after extract implicit lexer =(COMBINED_GRAMMAR CodeFile (import LexerRules) (RULES (RULE start (BLOCK (ALT INSERT CODE '{' content '}'))) (RULE content (BLOCK (ALT (* (BLOCK (ALT expresiones)))))) (RULE expresiones (BLOCK (ALT declaraciones) (ALT asignaciones) (ALT impresiones))) (RULE declaraciones (BLOCK (ALT tipo ID SEMI) (ALT tipo ID '=' expr SEMI))) (RULE asignaciones (BLOCK (ALT ID '=' expr SEMI))) (RULE impresiones (BLOCK (ALT IMPRIMIR '(' ID ')'))) (RULE tipo (BLOCK (ALT (SET 'margit' 'radahn' 'godrick')))) (RULE expr (BLOCK (ALT expr (= op (SET '*' '/')) expr) (ALT expr (= op (SET '+' '-')) expr) (ALT INT) (ALT ID)))))
2024-03-05 20:49:00:542 grammar LogManager.java:25 lexer =(LEXER_GRAMMAR CodeFileLexer (RULES (RULE T__0 (BLOCK (ALT '{'))) (RULE T__1 (BLOCK (ALT '}'))) (RULE T__2 (BLOCK (ALT '='))) (RULE T__3 (BLOCK (ALT '('))) (RULE T__4 (BLOCK (ALT ')'))) (RULE T__5 (BLOCK (ALT 'margit'))) (RULE T__6 (BLOCK (ALT 'radahn'))) (RULE T__7 (BLOCK (ALT 'godrick'))) (RULE MUL (BLOCK (ALT '*'))) (RULE DIV (BLOCK (ALT '/'))) (RULE ADD (BLOCK (ALT '+'))) (RULE SUB (BLOCK (ALT '-'))) (RULE INSERT (BLOCK (ALT 'iniciar'))) (RULE INT (BLOCK (ALT (+ (BLOCK (ALT [0-9])))))) (RULE CODE (BLOCK (ALT 'codigo'))) (RULE ID (BLOCK (ALT (+ (BLOCK (ALT [a-zA-Z])))))) (RULE IMPRIMIR (BLOCK (ALT 'printf'))) (RULE SEMI (BLOCK (ALT ';'))) (RULE WS (BLOCK (LEXER_ALT_ACTION (ALT (+ (BLOCK (ALT [ \t\r\n])))) skip)))))
2024-03-05 20:49:00:797 left-recursion LogManager.java:25 expr
    :   ( {} INT<tokenIndex=157>  
        | ID<tokenIndex=164>  
        )
        (
          {this.precpred(this._ctx, 4)}?<p=4> op=('*'<tokenIndex=123> | '/'<tokenIndex=127>) expr<tokenIndex=130,p=5>
                  | {this.precpred(this._ctx, 3)}?<p=3> op=('+'<tokenIndex=143> | '-'<tokenIndex=147>) expr<tokenIndex=150,p=4>
        )*
    ;
2024-03-05 20:49:00:804 grammar LogManager.java:25 added: (RULE expr (BLOCK (ALT (BLOCK (ALT {} (INT (ELEMENT_OPTIONS (= tokenIndex 157)))) (ALT (ID (ELEMENT_OPTIONS (= tokenIndex 164))))) (* (BLOCK (ALT ({this.precpred(this._ctx, 4)}? (ELEMENT_OPTIONS (= p 4))) (= op (SET ('*' (ELEMENT_OPTIONS (= tokenIndex 123))) ('/' (ELEMENT_OPTIONS (= tokenIndex 127))))) (expr (ELEMENT_OPTIONS (= tokenIndex 130) (= p 5)))) (ALT ({this.precpred(this._ctx, 3)}? (ELEMENT_OPTIONS (= p 3))) (= op (SET ('+' (ELEMENT_OPTIONS (= tokenIndex 143))) ('-' (ELEMENT_OPTIONS (= tokenIndex 147))))) (expr (ELEMENT_OPTIONS (= tokenIndex 150) (= p 4)))))))))
2024-03-05 20:49:00:804 semantics LogManager.java:25 tokens={EOF=-1, T__0=1, T__1=2, T__2=3, T__3=4, T__4=5, T__5=6, T__6=7, T__7=8, MUL=9, DIV=10, ADD=11, SUB=12, INSERT=13, INT=14, CODE=15, ID=16, IMPRIMIR=17, SEMI=18, WS=19}
2024-03-05 20:49:00:804 semantics LogManager.java:25 strings={'{'=1, '}'=2, '='=3, '('=4, ')'=5, 'margit'=6, 'radahn'=7, 'godrick'=8, '*'=9, '/'=10, '+'=11, '-'=12, 'iniciar'=13, 'codigo'=15, 'printf'=17, ';'=18}
2024-03-05 20:49:00:823 LL1 LogManager.java:25 
DECISION 0 in rule content
2024-03-05 20:49:00:823 LL1 LogManager.java:25 look=[{6..8, 16..17}, 2]
2024-03-05 20:49:00:823 LL1 LogManager.java:25 LL(1)? true
2024-03-05 20:49:00:823 LL1 LogManager.java:25 
DECISION 1 in rule expresiones
2024-03-05 20:49:00:823 LL1 LogManager.java:25 look=[{6..8}, 16, 17]
2024-03-05 20:49:00:823 LL1 LogManager.java:25 LL(1)? true
2024-03-05 20:49:00:823 LL1 LogManager.java:25 
DECISION 2 in rule declaraciones
2024-03-05 20:49:00:823 LL1 LogManager.java:25 look=[{6..8}, {6..8}]
2024-03-05 20:49:00:823 LL1 LogManager.java:25 LL(1)? false
2024-03-05 20:49:00:823 LL1 LogManager.java:25 
DECISION 3 in rule expr
2024-03-05 20:49:00:823 LL1 LogManager.java:25 look=[14, 16]
2024-03-05 20:49:00:823 LL1 LogManager.java:25 LL(1)? true
2024-03-05 20:49:00:823 LL1 LogManager.java:25 
DECISION 4 in rule expr
2024-03-05 20:49:00:823 LL1 LogManager.java:25 look=[null, null]
2024-03-05 20:49:00:823 LL1 LogManager.java:25 LL(1)? false
2024-03-05 20:49:00:823 LL1 LogManager.java:25 
DECISION 5 in rule expr
2024-03-05 20:49:00:823 LL1 LogManager.java:25 look=[null, null]
2024-03-05 20:49:00:823 LL1 LogManager.java:25 LL(1)? false
2024-03-05 20:49:00:858 action-translator LogManager.java:25 translate 
2024-03-05 20:49:00:862 action-translator LogManager.java:25 translate this.precpred(this._ctx, 4)
2024-03-05 20:49:00:864 action-translator LogManager.java:25 translate this.precpred(this._ctx, 3)
2024-03-05 20:49:00:866 action-translator LogManager.java:25 translate this.precpred(this._ctx, 4)
2024-03-05 20:49:00:866 action-translator LogManager.java:25 translate this.precpred(this._ctx, 3)
