2024-03-14 23:12:33:625 grammar LogManager.java:25 load LexerRules from ./grammar/CodeFile.g4
2024-03-14 23:12:33:632 grammar LogManager.java:25 before: (COMBINED_GRAMMAR CodeFile (import LexerRules) (RULES (RULE start (BLOCK (ALT INSERT CODE '{' content '}'))) (RULE content (BLOCK (ALT (* (BLOCK (ALT expresiones)))))) (RULE expresiones (BLOCK (ALT declaraciones) (ALT asignaciones) (ALT imprimir) (ALT condiciones))) (RULE declaraciones (BLOCK (ALT tipo ID SEMI) (ALT tipo ID '=' expr SEMI))) (RULE asignaciones (BLOCK (ALT ID '=' expr SEMI))) (RULE imprimir (BLOCK (ALT 'MostrarMensaje(' expr ')' SEMI))) (RULE condiciones (BLOCK (ALT IF '(' condicion ')' '{' expresiones '}' (? (BLOCK (ALT else)))))) (RULE condicion (BLOCK (ALT expr (= op (BLOCK (ALT MAYORQUE) (ALT MENORQUE) (ALT MAYORIGUAL) (ALT MENORIGUAL) (ALT DOBLEIGUAL) (ALT NEGACION))) expr))) (RULE else (BLOCK (ALT ELSE '{' expresiones '}'))) (RULE tipo (BLOCK (ALT 'margit') (ALT 'radahn') (ALT 'godrick'))) (RULE expr (BLOCK (ALT expr (= op (BLOCK (ALT '*') (ALT '/'))) expr) (ALT expr (= op (BLOCK (ALT '+') (ALT '-'))) expr) (ALT INT) (ALT ID) (ALT '(' expr ')'))) (RULE IF (BLOCK (ALT 'if'))) (RULE ELSE (BLOCK (ALT 'else'))) (RULE MAYORQUE (BLOCK (ALT '>'))) (RULE MENORQUE (BLOCK (ALT '<'))) (RULE MAYORIGUAL (BLOCK (ALT '>='))) (RULE MENORIGUAL (BLOCK (ALT '<='))) (RULE DOBLEIGUAL (BLOCK (ALT '=='))) (RULE NEGACION (BLOCK (ALT '!=')))))
2024-03-14 23:12:33:638 grammar LogManager.java:25 imported actions: []
2024-03-14 23:12:33:638 grammar LogManager.java:25 imported rule: (RULE INSERT (BLOCK (ALT 'iniciar')))
2024-03-14 23:12:33:638 grammar LogManager.java:25 imported rule: (RULE INT (BLOCK (ALT (+ (BLOCK (ALT [0-9]))))))
2024-03-14 23:12:33:638 grammar LogManager.java:25 imported rule: (RULE CODE (BLOCK (ALT 'codigo')))
2024-03-14 23:12:33:638 grammar LogManager.java:25 imported rule: (RULE ID (BLOCK (ALT (+ (BLOCK (ALT [a-zA-Z]))))))
2024-03-14 23:12:33:638 grammar LogManager.java:25 imported rule: (RULE SEMI (BLOCK (ALT ';')))
2024-03-14 23:12:33:638 grammar LogManager.java:25 imported rule: (RULE MUL (BLOCK (ALT '*')))
2024-03-14 23:12:33:638 grammar LogManager.java:25 imported rule: (RULE DIV (BLOCK (ALT '/')))
2024-03-14 23:12:33:638 grammar LogManager.java:25 imported rule: (RULE ADD (BLOCK (ALT '+')))
2024-03-14 23:12:33:638 grammar LogManager.java:25 imported rule: (RULE SUB (BLOCK (ALT '-')))
2024-03-14 23:12:33:638 grammar LogManager.java:25 imported rule: (RULE TEXTO (BLOCK (ALT '"' (* (BLOCK (ALT (~ (SET ["]))))) '"')))
2024-03-14 23:12:33:638 grammar LogManager.java:25 imported rule: (RULE WS (BLOCK (LEXER_ALT_ACTION (ALT (+ (BLOCK (ALT [ \t\r\n])))) skip)))
2024-03-14 23:12:33:638 grammar LogManager.java:25 Grammar: (COMBINED_GRAMMAR CodeFile (import LexerRules) (RULES (RULE start (BLOCK (ALT INSERT CODE '{' content '}'))) (RULE content (BLOCK (ALT (* (BLOCK (ALT expresiones)))))) (RULE expresiones (BLOCK (ALT declaraciones) (ALT asignaciones) (ALT imprimir) (ALT condiciones))) (RULE declaraciones (BLOCK (ALT tipo ID SEMI) (ALT tipo ID '=' expr SEMI))) (RULE asignaciones (BLOCK (ALT ID '=' expr SEMI))) (RULE imprimir (BLOCK (ALT 'MostrarMensaje(' expr ')' SEMI))) (RULE condiciones (BLOCK (ALT IF '(' condicion ')' '{' expresiones '}' (? (BLOCK (ALT else)))))) (RULE condicion (BLOCK (ALT expr (= op (BLOCK (ALT MAYORQUE) (ALT MENORQUE) (ALT MAYORIGUAL) (ALT MENORIGUAL) (ALT DOBLEIGUAL) (ALT NEGACION))) expr))) (RULE else (BLOCK (ALT ELSE '{' expresiones '}'))) (RULE tipo (BLOCK (ALT 'margit') (ALT 'radahn') (ALT 'godrick'))) (RULE expr (BLOCK (ALT expr (= op (BLOCK (ALT '*') (ALT '/'))) expr) (ALT expr (= op (BLOCK (ALT '+') (ALT '-'))) expr) (ALT INT) (ALT ID) (ALT '(' expr ')'))) (RULE IF (BLOCK (ALT 'if'))) (RULE ELSE (BLOCK (ALT 'else'))) (RULE MAYORQUE (BLOCK (ALT '>'))) (RULE MENORQUE (BLOCK (ALT '<'))) (RULE MAYORIGUAL (BLOCK (ALT '>='))) (RULE MENORIGUAL (BLOCK (ALT '<='))) (RULE DOBLEIGUAL (BLOCK (ALT '=='))) (RULE NEGACION (BLOCK (ALT '!='))) (RULE INSERT (BLOCK (ALT 'iniciar'))) (RULE INT (BLOCK (ALT (+ (BLOCK (ALT [0-9])))))) (RULE CODE (BLOCK (ALT 'codigo'))) (RULE ID (BLOCK (ALT (+ (BLOCK (ALT [a-zA-Z])))))) (RULE SEMI (BLOCK (ALT ';'))) (RULE MUL (BLOCK (ALT '*'))) (RULE DIV (BLOCK (ALT '/'))) (RULE ADD (BLOCK (ALT '+'))) (RULE SUB (BLOCK (ALT '-'))) (RULE TEXTO (BLOCK (ALT '"' (* (BLOCK (ALT (~ (SET ["]))))) '"'))) (RULE WS (BLOCK (LEXER_ALT_ACTION (ALT (+ (BLOCK (ALT [ \t\r\n])))) skip)))))
2024-03-14 23:12:33:670 grammar LogManager.java:25 after: (COMBINED_GRAMMAR CodeFile (import LexerRules) (RULES (RULE start (BLOCK (ALT INSERT CODE '{' content '}'))) (RULE content (BLOCK (ALT (* (BLOCK (ALT expresiones)))))) (RULE expresiones (BLOCK (ALT declaraciones) (ALT asignaciones) (ALT imprimir) (ALT condiciones))) (RULE declaraciones (BLOCK (ALT tipo ID SEMI) (ALT tipo ID '=' expr SEMI))) (RULE asignaciones (BLOCK (ALT ID '=' expr SEMI))) (RULE imprimir (BLOCK (ALT 'MostrarMensaje(' expr ')' SEMI))) (RULE condiciones (BLOCK (ALT IF '(' condicion ')' '{' expresiones '}' (? (BLOCK (ALT else)))))) (RULE condicion (BLOCK (ALT expr (= op (SET MAYORQUE MENORQUE MAYORIGUAL MENORIGUAL DOBLEIGUAL NEGACION)) expr))) (RULE else (BLOCK (ALT ELSE '{' expresiones '}'))) (RULE tipo (BLOCK (ALT (SET 'margit' 'radahn' 'godrick')))) (RULE expr (BLOCK (ALT expr (= op (SET '*' '/')) expr) (ALT expr (= op (SET '+' '-')) expr) (ALT INT) (ALT ID) (ALT '(' expr ')'))) (RULE IF (BLOCK (ALT 'if'))) (RULE ELSE (BLOCK (ALT 'else'))) (RULE MAYORQUE (BLOCK (ALT '>'))) (RULE MENORQUE (BLOCK (ALT '<'))) (RULE MAYORIGUAL (BLOCK (ALT '>='))) (RULE MENORIGUAL (BLOCK (ALT '<='))) (RULE DOBLEIGUAL (BLOCK (ALT '=='))) (RULE NEGACION (BLOCK (ALT '!='))) (RULE INSERT (BLOCK (ALT 'iniciar'))) (RULE INT (BLOCK (ALT (+ (BLOCK (ALT [0-9])))))) (RULE CODE (BLOCK (ALT 'codigo'))) (RULE ID (BLOCK (ALT (+ (BLOCK (ALT [a-zA-Z])))))) (RULE SEMI (BLOCK (ALT ';'))) (RULE MUL (BLOCK (ALT '*'))) (RULE DIV (BLOCK (ALT '/'))) (RULE ADD (BLOCK (ALT '+'))) (RULE SUB (BLOCK (ALT '-'))) (RULE TEXTO (BLOCK (ALT '"' (* (BLOCK (ALT (~ (SET ["]))))) '"'))) (RULE WS (BLOCK (LEXER_ALT_ACTION (ALT (+ (BLOCK (ALT [ \t\r\n])))) skip)))))
2024-03-14 23:12:33:719 grammar LogManager.java:25 after extract implicit lexer =(COMBINED_GRAMMAR CodeFile (import LexerRules) (RULES (RULE start (BLOCK (ALT INSERT CODE '{' content '}'))) (RULE content (BLOCK (ALT (* (BLOCK (ALT expresiones)))))) (RULE expresiones (BLOCK (ALT declaraciones) (ALT asignaciones) (ALT imprimir) (ALT condiciones))) (RULE declaraciones (BLOCK (ALT tipo ID SEMI) (ALT tipo ID '=' expr SEMI))) (RULE asignaciones (BLOCK (ALT ID '=' expr SEMI))) (RULE imprimir (BLOCK (ALT 'MostrarMensaje(' expr ')' SEMI))) (RULE condiciones (BLOCK (ALT IF '(' condicion ')' '{' expresiones '}' (? (BLOCK (ALT else)))))) (RULE condicion (BLOCK (ALT expr (= op (SET MAYORQUE MENORQUE MAYORIGUAL MENORIGUAL DOBLEIGUAL NEGACION)) expr))) (RULE else (BLOCK (ALT ELSE '{' expresiones '}'))) (RULE tipo (BLOCK (ALT (SET 'margit' 'radahn' 'godrick')))) (RULE expr (BLOCK (ALT expr (= op (SET '*' '/')) expr) (ALT expr (= op (SET '+' '-')) expr) (ALT INT) (ALT ID) (ALT '(' expr ')')))))
2024-03-14 23:12:33:719 grammar LogManager.java:25 lexer =(LEXER_GRAMMAR CodeFileLexer (RULES (RULE T__0 (BLOCK (ALT '{'))) (RULE T__1 (BLOCK (ALT '}'))) (RULE T__2 (BLOCK (ALT '='))) (RULE T__3 (BLOCK (ALT 'MostrarMensaje('))) (RULE T__4 (BLOCK (ALT ')'))) (RULE T__5 (BLOCK (ALT '('))) (RULE T__6 (BLOCK (ALT 'margit'))) (RULE T__7 (BLOCK (ALT 'radahn'))) (RULE T__8 (BLOCK (ALT 'godrick'))) (RULE IF (BLOCK (ALT 'if'))) (RULE ELSE (BLOCK (ALT 'else'))) (RULE MAYORQUE (BLOCK (ALT '>'))) (RULE MENORQUE (BLOCK (ALT '<'))) (RULE MAYORIGUAL (BLOCK (ALT '>='))) (RULE MENORIGUAL (BLOCK (ALT '<='))) (RULE DOBLEIGUAL (BLOCK (ALT '=='))) (RULE NEGACION (BLOCK (ALT '!='))) (RULE INSERT (BLOCK (ALT 'iniciar'))) (RULE INT (BLOCK (ALT (+ (BLOCK (ALT [0-9])))))) (RULE CODE (BLOCK (ALT 'codigo'))) (RULE ID (BLOCK (ALT (+ (BLOCK (ALT [a-zA-Z])))))) (RULE SEMI (BLOCK (ALT ';'))) (RULE MUL (BLOCK (ALT '*'))) (RULE DIV (BLOCK (ALT '/'))) (RULE ADD (BLOCK (ALT '+'))) (RULE SUB (BLOCK (ALT '-'))) (RULE TEXTO (BLOCK (ALT '"' (* (BLOCK (ALT (~ (SET ["]))))) '"'))) (RULE WS (BLOCK (LEXER_ALT_ACTION (ALT (+ (BLOCK (ALT [ \t\r\n])))) skip)))))
2024-03-14 23:12:34:216 left-recursion LogManager.java:25 expr
    :   ( {} INT<tokenIndex=239>  
        | ID<tokenIndex=246>  
        | '('<tokenIndex=253> expr<tokenIndex=255> ')'<tokenIndex=257>  
        )
        (
          {this.precpred(this._ctx, 5)}?<p=5> op=('*'<tokenIndex=205> | '/'<tokenIndex=209>) expr<tokenIndex=212,p=6>
                  | {this.precpred(this._ctx, 4)}?<p=4> op=('+'<tokenIndex=225> | '-'<tokenIndex=229>) expr<tokenIndex=232,p=5>
        )*
    ;
2024-03-14 23:12:34:236 grammar LogManager.java:25 added: (RULE expr (BLOCK (ALT (BLOCK (ALT {} (INT (ELEMENT_OPTIONS (= tokenIndex 239)))) (ALT (ID (ELEMENT_OPTIONS (= tokenIndex 246)))) (ALT ('(' (ELEMENT_OPTIONS (= tokenIndex 253))) (expr (ELEMENT_OPTIONS (= tokenIndex 255))) (')' (ELEMENT_OPTIONS (= tokenIndex 257))))) (* (BLOCK (ALT ({this.precpred(this._ctx, 5)}? (ELEMENT_OPTIONS (= p 5))) (= op (SET ('*' (ELEMENT_OPTIONS (= tokenIndex 205))) ('/' (ELEMENT_OPTIONS (= tokenIndex 209))))) (expr (ELEMENT_OPTIONS (= tokenIndex 212) (= p 6)))) (ALT ({this.precpred(this._ctx, 4)}? (ELEMENT_OPTIONS (= p 4))) (= op (SET ('+' (ELEMENT_OPTIONS (= tokenIndex 225))) ('-' (ELEMENT_OPTIONS (= tokenIndex 229))))) (expr (ELEMENT_OPTIONS (= tokenIndex 232) (= p 5)))))))))
2024-03-14 23:12:34:243 semantics LogManager.java:25 tokens={EOF=-1, T__0=1, T__1=2, T__2=3, T__3=4, T__4=5, T__5=6, T__6=7, T__7=8, T__8=9, IF=10, ELSE=11, MAYORQUE=12, MENORQUE=13, MAYORIGUAL=14, MENORIGUAL=15, DOBLEIGUAL=16, NEGACION=17, INSERT=18, INT=19, CODE=20, ID=21, SEMI=22, MUL=23, DIV=24, ADD=25, SUB=26, TEXTO=27, WS=28}
2024-03-14 23:12:34:244 semantics LogManager.java:25 strings={'{'=1, '}'=2, '='=3, 'MostrarMensaje('=4, ')'=5, '('=6, 'margit'=7, 'radahn'=8, 'godrick'=9, 'if'=10, 'else'=11, '>'=12, '<'=13, '>='=14, '<='=15, '=='=16, '!='=17, 'iniciar'=18, 'codigo'=20, ';'=22, '*'=23, '/'=24, '+'=25, '-'=26}
2024-03-14 23:12:34:280 LL1 LogManager.java:25 
DECISION 0 in rule content
2024-03-14 23:12:34:280 LL1 LogManager.java:25 look=[{4, 7..10, 21}, 2]
2024-03-14 23:12:34:283 LL1 LogManager.java:25 LL(1)? true
2024-03-14 23:12:34:283 LL1 LogManager.java:25 
DECISION 1 in rule expresiones
2024-03-14 23:12:34:283 LL1 LogManager.java:25 look=[{7..9}, 21, 4, 10]
2024-03-14 23:12:34:283 LL1 LogManager.java:25 LL(1)? true
2024-03-14 23:12:34:283 LL1 LogManager.java:25 
DECISION 2 in rule declaraciones
2024-03-14 23:12:34:283 LL1 LogManager.java:25 look=[{7..9}, {7..9}]
2024-03-14 23:12:34:283 LL1 LogManager.java:25 LL(1)? false
2024-03-14 23:12:34:283 LL1 LogManager.java:25 
DECISION 3 in rule condiciones
2024-03-14 23:12:34:283 LL1 LogManager.java:25 look=[11, {2, 4, 7..10, 21}]
2024-03-14 23:12:34:283 LL1 LogManager.java:25 LL(1)? true
2024-03-14 23:12:34:283 LL1 LogManager.java:25 
DECISION 4 in rule expr
2024-03-14 23:12:34:283 LL1 LogManager.java:25 look=[19, 21, 6]
2024-03-14 23:12:34:283 LL1 LogManager.java:25 LL(1)? true
2024-03-14 23:12:34:285 LL1 LogManager.java:25 
DECISION 5 in rule expr
2024-03-14 23:12:34:285 LL1 LogManager.java:25 look=[null, null]
2024-03-14 23:12:34:285 LL1 LogManager.java:25 LL(1)? false
2024-03-14 23:12:34:285 LL1 LogManager.java:25 
DECISION 6 in rule expr
2024-03-14 23:12:34:285 LL1 LogManager.java:25 look=[null, null]
2024-03-14 23:12:34:285 LL1 LogManager.java:25 LL(1)? false
2024-03-14 23:12:34:362 action-translator LogManager.java:25 translate 
2024-03-14 23:12:34:362 action-translator LogManager.java:25 translate this.precpred(this._ctx, 5)
2024-03-14 23:12:34:362 action-translator LogManager.java:25 translate this.precpred(this._ctx, 4)
2024-03-14 23:12:34:362 action-translator LogManager.java:25 translate this.precpred(this._ctx, 5)
2024-03-14 23:12:34:371 action-translator LogManager.java:25 translate this.precpred(this._ctx, 4)
