2024-03-05 21:14:00:288 grammar LogManager.java:25 load LexerRules from ./grammar/CodeFile.g4
2024-03-05 21:14:00:288 grammar LogManager.java:25 before: (COMBINED_GRAMMAR CodeFile (import LexerRules) (RULES (RULE start (BLOCK (ALT INSERT CODE '{' content '}'))) (RULE content (BLOCK (ALT (* (BLOCK (ALT expresiones)))))) (RULE expresiones (BLOCK (ALT declaraciones) (ALT asignaciones) (ALT imprimir))) (RULE declaraciones (BLOCK (ALT tipo ID SEMI) (ALT tipo ID '=' expr SEMI))) (RULE asignaciones (BLOCK (ALT ID '=' expr SEMI))) (RULE imprimir (BLOCK (ALT 'printf(' expr ')' SEMI))) (RULE tipo (BLOCK (ALT 'margit') (ALT 'radahn') (ALT 'godrick'))) (RULE expr (BLOCK (ALT expr (= op (BLOCK (ALT '*') (ALT '/'))) expr) (ALT expr (= op (BLOCK (ALT '+') (ALT '-'))) expr) (ALT INT) (ALT ID) (ALT '(' expr ')'))) (RULE MUL (BLOCK (ALT '*'))) (RULE DIV (BLOCK (ALT '/'))) (RULE ADD (BLOCK (ALT '+'))) (RULE SUB (BLOCK (ALT '-')))))
2024-03-05 21:14:00:291 grammar LogManager.java:25 imported actions: []
2024-03-05 21:14:00:291 grammar LogManager.java:25 imported rule: (RULE INSERT (BLOCK (ALT 'iniciar')))
2024-03-05 21:14:00:291 grammar LogManager.java:25 imported rule: (RULE INT (BLOCK (ALT (+ (BLOCK (ALT [0-9]))))))
2024-03-05 21:14:00:291 grammar LogManager.java:25 imported rule: (RULE CODE (BLOCK (ALT 'codigo')))
2024-03-05 21:14:00:291 grammar LogManager.java:25 imported rule: (RULE ID (BLOCK (ALT (+ (BLOCK (ALT [a-zA-Z]))))))
2024-03-05 21:14:00:291 grammar LogManager.java:25 imported rule: (RULE SEMI (BLOCK (ALT ';')))
2024-03-05 21:14:00:291 grammar LogManager.java:25 imported rule: (RULE WS (BLOCK (LEXER_ALT_ACTION (ALT (+ (BLOCK (ALT [ \t\r\n])))) skip)))
2024-03-05 21:14:00:291 grammar LogManager.java:25 Grammar: (COMBINED_GRAMMAR CodeFile (import LexerRules) (RULES (RULE start (BLOCK (ALT INSERT CODE '{' content '}'))) (RULE content (BLOCK (ALT (* (BLOCK (ALT expresiones)))))) (RULE expresiones (BLOCK (ALT declaraciones) (ALT asignaciones) (ALT imprimir))) (RULE declaraciones (BLOCK (ALT tipo ID SEMI) (ALT tipo ID '=' expr SEMI))) (RULE asignaciones (BLOCK (ALT ID '=' expr SEMI))) (RULE imprimir (BLOCK (ALT 'printf(' expr ')' SEMI))) (RULE tipo (BLOCK (ALT 'margit') (ALT 'radahn') (ALT 'godrick'))) (RULE expr (BLOCK (ALT expr (= op (BLOCK (ALT '*') (ALT '/'))) expr) (ALT expr (= op (BLOCK (ALT '+') (ALT '-'))) expr) (ALT INT) (ALT ID) (ALT '(' expr ')'))) (RULE MUL (BLOCK (ALT '*'))) (RULE DIV (BLOCK (ALT '/'))) (RULE ADD (BLOCK (ALT '+'))) (RULE SUB (BLOCK (ALT '-'))) (RULE INSERT (BLOCK (ALT 'iniciar'))) (RULE INT (BLOCK (ALT (+ (BLOCK (ALT [0-9])))))) (RULE CODE (BLOCK (ALT 'codigo'))) (RULE ID (BLOCK (ALT (+ (BLOCK (ALT [a-zA-Z])))))) (RULE SEMI (BLOCK (ALT ';'))) (RULE WS (BLOCK (LEXER_ALT_ACTION (ALT (+ (BLOCK (ALT [ \t\r\n])))) skip)))))
2024-03-05 21:14:00:307 grammar LogManager.java:25 after: (COMBINED_GRAMMAR CodeFile (import LexerRules) (RULES (RULE start (BLOCK (ALT INSERT CODE '{' content '}'))) (RULE content (BLOCK (ALT (* (BLOCK (ALT expresiones)))))) (RULE expresiones (BLOCK (ALT declaraciones) (ALT asignaciones) (ALT imprimir))) (RULE declaraciones (BLOCK (ALT tipo ID SEMI) (ALT tipo ID '=' expr SEMI))) (RULE asignaciones (BLOCK (ALT ID '=' expr SEMI))) (RULE imprimir (BLOCK (ALT 'printf(' expr ')' SEMI))) (RULE tipo (BLOCK (ALT (SET 'margit' 'radahn' 'godrick')))) (RULE expr (BLOCK (ALT expr (= op (SET '*' '/')) expr) (ALT expr (= op (SET '+' '-')) expr) (ALT INT) (ALT ID) (ALT '(' expr ')'))) (RULE MUL (BLOCK (ALT '*'))) (RULE DIV (BLOCK (ALT '/'))) (RULE ADD (BLOCK (ALT '+'))) (RULE SUB (BLOCK (ALT '-'))) (RULE INSERT (BLOCK (ALT 'iniciar'))) (RULE INT (BLOCK (ALT (+ (BLOCK (ALT [0-9])))))) (RULE CODE (BLOCK (ALT 'codigo'))) (RULE ID (BLOCK (ALT (+ (BLOCK (ALT [a-zA-Z])))))) (RULE SEMI (BLOCK (ALT ';'))) (RULE WS (BLOCK (LEXER_ALT_ACTION (ALT (+ (BLOCK (ALT [ \t\r\n])))) skip)))))
2024-03-05 21:14:00:328 grammar LogManager.java:25 after extract implicit lexer =(COMBINED_GRAMMAR CodeFile (import LexerRules) (RULES (RULE start (BLOCK (ALT INSERT CODE '{' content '}'))) (RULE content (BLOCK (ALT (* (BLOCK (ALT expresiones)))))) (RULE expresiones (BLOCK (ALT declaraciones) (ALT asignaciones) (ALT imprimir))) (RULE declaraciones (BLOCK (ALT tipo ID SEMI) (ALT tipo ID '=' expr SEMI))) (RULE asignaciones (BLOCK (ALT ID '=' expr SEMI))) (RULE imprimir (BLOCK (ALT 'printf(' expr ')' SEMI))) (RULE tipo (BLOCK (ALT (SET 'margit' 'radahn' 'godrick')))) (RULE expr (BLOCK (ALT expr (= op (SET '*' '/')) expr) (ALT expr (= op (SET '+' '-')) expr) (ALT INT) (ALT ID) (ALT '(' expr ')')))))
2024-03-05 21:14:00:328 grammar LogManager.java:25 lexer =(LEXER_GRAMMAR CodeFileLexer (RULES (RULE T__0 (BLOCK (ALT '{'))) (RULE T__1 (BLOCK (ALT '}'))) (RULE T__2 (BLOCK (ALT '='))) (RULE T__3 (BLOCK (ALT 'printf('))) (RULE T__4 (BLOCK (ALT ')'))) (RULE T__5 (BLOCK (ALT 'margit'))) (RULE T__6 (BLOCK (ALT 'radahn'))) (RULE T__7 (BLOCK (ALT 'godrick'))) (RULE T__8 (BLOCK (ALT '('))) (RULE MUL (BLOCK (ALT '*'))) (RULE DIV (BLOCK (ALT '/'))) (RULE ADD (BLOCK (ALT '+'))) (RULE SUB (BLOCK (ALT '-'))) (RULE INSERT (BLOCK (ALT 'iniciar'))) (RULE INT (BLOCK (ALT (+ (BLOCK (ALT [0-9])))))) (RULE CODE (BLOCK (ALT 'codigo'))) (RULE ID (BLOCK (ALT (+ (BLOCK (ALT [a-zA-Z])))))) (RULE SEMI (BLOCK (ALT ';'))) (RULE WS (BLOCK (LEXER_ALT_ACTION (ALT (+ (BLOCK (ALT [ \t\r\n])))) skip)))))
2024-03-05 21:14:00:550 left-recursion LogManager.java:25 expr
    :   ( {} INT<tokenIndex=160>  
        | ID<tokenIndex=167>  
        | '('<tokenIndex=174> expr<tokenIndex=176> ')'<tokenIndex=178>  
        )
        (
          {this.precpred(this._ctx, 5)}?<p=5> op=('*'<tokenIndex=126> | '/'<tokenIndex=130>) expr<tokenIndex=133,p=6>
                  | {this.precpred(this._ctx, 4)}?<p=4> op=('+'<tokenIndex=146> | '-'<tokenIndex=150>) expr<tokenIndex=153,p=5>
        )*
    ;
2024-03-05 21:14:00:550 grammar LogManager.java:25 added: (RULE expr (BLOCK (ALT (BLOCK (ALT {} (INT (ELEMENT_OPTIONS (= tokenIndex 160)))) (ALT (ID (ELEMENT_OPTIONS (= tokenIndex 167)))) (ALT ('(' (ELEMENT_OPTIONS (= tokenIndex 174))) (expr (ELEMENT_OPTIONS (= tokenIndex 176))) (')' (ELEMENT_OPTIONS (= tokenIndex 178))))) (* (BLOCK (ALT ({this.precpred(this._ctx, 5)}? (ELEMENT_OPTIONS (= p 5))) (= op (SET ('*' (ELEMENT_OPTIONS (= tokenIndex 126))) ('/' (ELEMENT_OPTIONS (= tokenIndex 130))))) (expr (ELEMENT_OPTIONS (= tokenIndex 133) (= p 6)))) (ALT ({this.precpred(this._ctx, 4)}? (ELEMENT_OPTIONS (= p 4))) (= op (SET ('+' (ELEMENT_OPTIONS (= tokenIndex 146))) ('-' (ELEMENT_OPTIONS (= tokenIndex 150))))) (expr (ELEMENT_OPTIONS (= tokenIndex 153) (= p 5)))))))))
2024-03-05 21:14:00:550 semantics LogManager.java:25 tokens={EOF=-1, T__0=1, T__1=2, T__2=3, T__3=4, T__4=5, T__5=6, T__6=7, T__7=8, T__8=9, MUL=10, DIV=11, ADD=12, SUB=13, INSERT=14, INT=15, CODE=16, ID=17, SEMI=18, WS=19}
2024-03-05 21:14:00:550 semantics LogManager.java:25 strings={'{'=1, '}'=2, '='=3, 'printf('=4, ')'=5, 'margit'=6, 'radahn'=7, 'godrick'=8, '('=9, '*'=10, '/'=11, '+'=12, '-'=13, 'iniciar'=14, 'codigo'=16, ';'=18}
2024-03-05 21:14:00:583 LL1 LogManager.java:25 
DECISION 0 in rule content
2024-03-05 21:14:00:584 LL1 LogManager.java:25 look=[{4, 6..8, 17}, 2]
2024-03-05 21:14:00:585 LL1 LogManager.java:25 LL(1)? true
2024-03-05 21:14:00:585 LL1 LogManager.java:25 
DECISION 1 in rule expresiones
2024-03-05 21:14:00:585 LL1 LogManager.java:25 look=[{6..8}, 17, 4]
2024-03-05 21:14:00:585 LL1 LogManager.java:25 LL(1)? true
2024-03-05 21:14:00:585 LL1 LogManager.java:25 
DECISION 2 in rule declaraciones
2024-03-05 21:14:00:587 LL1 LogManager.java:25 look=[{6..8}, {6..8}]
2024-03-05 21:14:00:587 LL1 LogManager.java:25 LL(1)? false
2024-03-05 21:14:00:587 LL1 LogManager.java:25 
DECISION 3 in rule expr
2024-03-05 21:14:00:587 LL1 LogManager.java:25 look=[15, 17, 9]
2024-03-05 21:14:00:587 LL1 LogManager.java:25 LL(1)? true
2024-03-05 21:14:00:587 LL1 LogManager.java:25 
DECISION 4 in rule expr
2024-03-05 21:14:00:587 LL1 LogManager.java:25 look=[null, null]
2024-03-05 21:14:00:587 LL1 LogManager.java:25 LL(1)? false
2024-03-05 21:14:00:587 LL1 LogManager.java:25 
DECISION 5 in rule expr
2024-03-05 21:14:00:588 LL1 LogManager.java:25 look=[null, null]
2024-03-05 21:14:00:588 LL1 LogManager.java:25 LL(1)? false
2024-03-05 21:14:00:626 action-translator LogManager.java:25 translate 
2024-03-05 21:14:00:627 action-translator LogManager.java:25 translate this.precpred(this._ctx, 5)
2024-03-05 21:14:00:628 action-translator LogManager.java:25 translate this.precpred(this._ctx, 4)
2024-03-05 21:14:00:630 action-translator LogManager.java:25 translate this.precpred(this._ctx, 5)
2024-03-05 21:14:00:630 action-translator LogManager.java:25 translate this.precpred(this._ctx, 4)
