2024-03-19 14:47:37:324 grammar LogManager.java:25 load LexerRules from ./grammar/CodeFile.g4
2024-03-19 14:47:37:329 grammar LogManager.java:25 before: (COMBINED_GRAMMAR CodeFile (import LexerRules) (RULES (RULE start (BLOCK (ALT INSERT CODE '{' content '}'))) (RULE content (BLOCK (ALT (* (BLOCK (ALT expresiones)))))) (RULE expresiones (BLOCK (ALT declaraciones) (ALT asignaciones) (ALT imprimir) (ALT condiciones))) (RULE declaraciones (BLOCK (ALT tipo ID SEMI) (ALT tipo ID '=' expr SEMI))) (RULE asignaciones (BLOCK (ALT ID '=' expr SEMI))) (RULE imprimir (BLOCK (ALT 'MostrarMensaje(' expr ')' SEMI))) (RULE condiciones (BLOCK (ALT IF '(' condicion ')' '{' (* (BLOCK (ALT expresiones))) '}' (? (BLOCK (ALT otherwise)))))) (RULE otherwise (BLOCK (ALT ELSE '{' (* (BLOCK (ALT expresiones))) '}'))) (RULE condicion (BLOCK (ALT expr (= op (BLOCK (ALT MAYORQUE) (ALT MENORQUE) (ALT MAYORIGUAL) (ALT MENORIGUAL) (ALT DOBLEIGUAL) (ALT NEGACION))) expr))) (RULE tipo (BLOCK (ALT 'margit') (ALT 'radahn') (ALT 'godrick'))) (RULE expr (BLOCK (ALT expr (= op (BLOCK (ALT '*') (ALT '/'))) expr) (ALT expr (= op (BLOCK (ALT '+') (ALT '-'))) expr) (ALT INT) (ALT ID) (ALT STRING) (ALT '(' expr ')'))) (RULE IF (BLOCK (ALT 'condition'))) (RULE ELSE (BLOCK (ALT 'otherwise'))) (RULE STRING (BLOCK (ALT '"' (* (BLOCK (ALT (~ (SET ["]))))) '"'))) (RULE MAYORQUE (BLOCK (ALT '>'))) (RULE MENORQUE (BLOCK (ALT '<'))) (RULE MAYORIGUAL (BLOCK (ALT '>='))) (RULE MENORIGUAL (BLOCK (ALT '<='))) (RULE DOBLEIGUAL (BLOCK (ALT '=='))) (RULE NEGACION (BLOCK (ALT '!=')))))
2024-03-19 14:47:37:329 grammar LogManager.java:25 imported actions: []
2024-03-19 14:47:37:339 grammar LogManager.java:25 imported rule: (RULE INSERT (BLOCK (ALT 'iniciar')))
2024-03-19 14:47:37:340 grammar LogManager.java:25 imported rule: (RULE INT (BLOCK (ALT (+ (BLOCK (ALT [0-9]))))))
2024-03-19 14:47:37:340 grammar LogManager.java:25 imported rule: (RULE CODE (BLOCK (ALT 'codigo')))
2024-03-19 14:47:37:340 grammar LogManager.java:25 imported rule: (RULE ID (BLOCK (ALT (+ (BLOCK (ALT [a-zA-Z]))))))
2024-03-19 14:47:37:340 grammar LogManager.java:25 imported rule: (RULE SEMI (BLOCK (ALT ';')))
2024-03-19 14:47:37:340 grammar LogManager.java:25 imported rule: (RULE MUL (BLOCK (ALT '*')))
2024-03-19 14:47:37:340 grammar LogManager.java:25 imported rule: (RULE DIV (BLOCK (ALT '/')))
2024-03-19 14:47:37:340 grammar LogManager.java:25 imported rule: (RULE ADD (BLOCK (ALT '+')))
2024-03-19 14:47:37:340 grammar LogManager.java:25 imported rule: (RULE SUB (BLOCK (ALT '-')))
2024-03-19 14:47:37:340 grammar LogManager.java:25 imported rule: (RULE WS (BLOCK (LEXER_ALT_ACTION (ALT (+ (BLOCK (ALT [ \t\r\n])))) skip)))
2024-03-19 14:47:37:342 grammar LogManager.java:25 Grammar: (COMBINED_GRAMMAR CodeFile (import LexerRules) (RULES (RULE start (BLOCK (ALT INSERT CODE '{' content '}'))) (RULE content (BLOCK (ALT (* (BLOCK (ALT expresiones)))))) (RULE expresiones (BLOCK (ALT declaraciones) (ALT asignaciones) (ALT imprimir) (ALT condiciones))) (RULE declaraciones (BLOCK (ALT tipo ID SEMI) (ALT tipo ID '=' expr SEMI))) (RULE asignaciones (BLOCK (ALT ID '=' expr SEMI))) (RULE imprimir (BLOCK (ALT 'MostrarMensaje(' expr ')' SEMI))) (RULE condiciones (BLOCK (ALT IF '(' condicion ')' '{' (* (BLOCK (ALT expresiones))) '}' (? (BLOCK (ALT otherwise)))))) (RULE otherwise (BLOCK (ALT ELSE '{' (* (BLOCK (ALT expresiones))) '}'))) (RULE condicion (BLOCK (ALT expr (= op (BLOCK (ALT MAYORQUE) (ALT MENORQUE) (ALT MAYORIGUAL) (ALT MENORIGUAL) (ALT DOBLEIGUAL) (ALT NEGACION))) expr))) (RULE tipo (BLOCK (ALT 'margit') (ALT 'radahn') (ALT 'godrick'))) (RULE expr (BLOCK (ALT expr (= op (BLOCK (ALT '*') (ALT '/'))) expr) (ALT expr (= op (BLOCK (ALT '+') (ALT '-'))) expr) (ALT INT) (ALT ID) (ALT STRING) (ALT '(' expr ')'))) (RULE IF (BLOCK (ALT 'condition'))) (RULE ELSE (BLOCK (ALT 'otherwise'))) (RULE STRING (BLOCK (ALT '"' (* (BLOCK (ALT (~ (SET ["]))))) '"'))) (RULE MAYORQUE (BLOCK (ALT '>'))) (RULE MENORQUE (BLOCK (ALT '<'))) (RULE MAYORIGUAL (BLOCK (ALT '>='))) (RULE MENORIGUAL (BLOCK (ALT '<='))) (RULE DOBLEIGUAL (BLOCK (ALT '=='))) (RULE NEGACION (BLOCK (ALT '!='))) (RULE INSERT (BLOCK (ALT 'iniciar'))) (RULE INT (BLOCK (ALT (+ (BLOCK (ALT [0-9])))))) (RULE CODE (BLOCK (ALT 'codigo'))) (RULE ID (BLOCK (ALT (+ (BLOCK (ALT [a-zA-Z])))))) (RULE SEMI (BLOCK (ALT ';'))) (RULE MUL (BLOCK (ALT '*'))) (RULE DIV (BLOCK (ALT '/'))) (RULE ADD (BLOCK (ALT '+'))) (RULE SUB (BLOCK (ALT '-'))) (RULE WS (BLOCK (LEXER_ALT_ACTION (ALT (+ (BLOCK (ALT [ \t\r\n])))) skip)))))
2024-03-19 14:47:37:393 grammar LogManager.java:25 after: (COMBINED_GRAMMAR CodeFile (import LexerRules) (RULES (RULE start (BLOCK (ALT INSERT CODE '{' content '}'))) (RULE content (BLOCK (ALT (* (BLOCK (ALT expresiones)))))) (RULE expresiones (BLOCK (ALT declaraciones) (ALT asignaciones) (ALT imprimir) (ALT condiciones))) (RULE declaraciones (BLOCK (ALT tipo ID SEMI) (ALT tipo ID '=' expr SEMI))) (RULE asignaciones (BLOCK (ALT ID '=' expr SEMI))) (RULE imprimir (BLOCK (ALT 'MostrarMensaje(' expr ')' SEMI))) (RULE condiciones (BLOCK (ALT IF '(' condicion ')' '{' (* (BLOCK (ALT expresiones))) '}' (? (BLOCK (ALT otherwise)))))) (RULE otherwise (BLOCK (ALT ELSE '{' (* (BLOCK (ALT expresiones))) '}'))) (RULE condicion (BLOCK (ALT expr (= op (SET MAYORQUE MENORQUE MAYORIGUAL MENORIGUAL DOBLEIGUAL NEGACION)) expr))) (RULE tipo (BLOCK (ALT (SET 'margit' 'radahn' 'godrick')))) (RULE expr (BLOCK (ALT expr (= op (SET '*' '/')) expr) (ALT expr (= op (SET '+' '-')) expr) (ALT INT) (ALT ID) (ALT STRING) (ALT '(' expr ')'))) (RULE IF (BLOCK (ALT 'condition'))) (RULE ELSE (BLOCK (ALT 'otherwise'))) (RULE STRING (BLOCK (ALT '"' (* (BLOCK (ALT (~ (SET ["]))))) '"'))) (RULE MAYORQUE (BLOCK (ALT '>'))) (RULE MENORQUE (BLOCK (ALT '<'))) (RULE MAYORIGUAL (BLOCK (ALT '>='))) (RULE MENORIGUAL (BLOCK (ALT '<='))) (RULE DOBLEIGUAL (BLOCK (ALT '=='))) (RULE NEGACION (BLOCK (ALT '!='))) (RULE INSERT (BLOCK (ALT 'iniciar'))) (RULE INT (BLOCK (ALT (+ (BLOCK (ALT [0-9])))))) (RULE CODE (BLOCK (ALT 'codigo'))) (RULE ID (BLOCK (ALT (+ (BLOCK (ALT [a-zA-Z])))))) (RULE SEMI (BLOCK (ALT ';'))) (RULE MUL (BLOCK (ALT '*'))) (RULE DIV (BLOCK (ALT '/'))) (RULE ADD (BLOCK (ALT '+'))) (RULE SUB (BLOCK (ALT '-'))) (RULE WS (BLOCK (LEXER_ALT_ACTION (ALT (+ (BLOCK (ALT [ \t\r\n])))) skip)))))
2024-03-19 14:47:37:464 grammar LogManager.java:25 after extract implicit lexer =(COMBINED_GRAMMAR CodeFile (import LexerRules) (RULES (RULE start (BLOCK (ALT INSERT CODE '{' content '}'))) (RULE content (BLOCK (ALT (* (BLOCK (ALT expresiones)))))) (RULE expresiones (BLOCK (ALT declaraciones) (ALT asignaciones) (ALT imprimir) (ALT condiciones))) (RULE declaraciones (BLOCK (ALT tipo ID SEMI) (ALT tipo ID '=' expr SEMI))) (RULE asignaciones (BLOCK (ALT ID '=' expr SEMI))) (RULE imprimir (BLOCK (ALT 'MostrarMensaje(' expr ')' SEMI))) (RULE condiciones (BLOCK (ALT IF '(' condicion ')' '{' (* (BLOCK (ALT expresiones))) '}' (? (BLOCK (ALT otherwise)))))) (RULE otherwise (BLOCK (ALT ELSE '{' (* (BLOCK (ALT expresiones))) '}'))) (RULE condicion (BLOCK (ALT expr (= op (SET MAYORQUE MENORQUE MAYORIGUAL MENORIGUAL DOBLEIGUAL NEGACION)) expr))) (RULE tipo (BLOCK (ALT (SET 'margit' 'radahn' 'godrick')))) (RULE expr (BLOCK (ALT expr (= op (SET '*' '/')) expr) (ALT expr (= op (SET '+' '-')) expr) (ALT INT) (ALT ID) (ALT STRING) (ALT '(' expr ')')))))
2024-03-19 14:47:37:464 grammar LogManager.java:25 lexer =(LEXER_GRAMMAR CodeFileLexer (RULES (RULE T__0 (BLOCK (ALT '{'))) (RULE T__1 (BLOCK (ALT '}'))) (RULE T__2 (BLOCK (ALT '='))) (RULE T__3 (BLOCK (ALT 'MostrarMensaje('))) (RULE T__4 (BLOCK (ALT ')'))) (RULE T__5 (BLOCK (ALT '('))) (RULE T__6 (BLOCK (ALT 'margit'))) (RULE T__7 (BLOCK (ALT 'radahn'))) (RULE T__8 (BLOCK (ALT 'godrick'))) (RULE IF (BLOCK (ALT 'condition'))) (RULE ELSE (BLOCK (ALT 'otherwise'))) (RULE STRING (BLOCK (ALT '"' (* (BLOCK (ALT (~ (SET ["]))))) '"'))) (RULE MAYORQUE (BLOCK (ALT '>'))) (RULE MENORQUE (BLOCK (ALT '<'))) (RULE MAYORIGUAL (BLOCK (ALT '>='))) (RULE MENORIGUAL (BLOCK (ALT '<='))) (RULE DOBLEIGUAL (BLOCK (ALT '=='))) (RULE NEGACION (BLOCK (ALT '!='))) (RULE INSERT (BLOCK (ALT 'iniciar'))) (RULE INT (BLOCK (ALT (+ (BLOCK (ALT [0-9])))))) (RULE CODE (BLOCK (ALT 'codigo'))) (RULE ID (BLOCK (ALT (+ (BLOCK (ALT [a-zA-Z])))))) (RULE SEMI (BLOCK (ALT ';'))) (RULE MUL (BLOCK (ALT '*'))) (RULE DIV (BLOCK (ALT '/'))) (RULE ADD (BLOCK (ALT '+'))) (RULE SUB (BLOCK (ALT '-'))) (RULE WS (BLOCK (LEXER_ALT_ACTION (ALT (+ (BLOCK (ALT [ \t\r\n])))) skip)))))
2024-03-19 14:47:38:115 left-recursion LogManager.java:25 expr
    :   ( {} INT<tokenIndex=241>  
        | ID<tokenIndex=248>  
        | STRING<tokenIndex=255>  
        | '('<tokenIndex=262> expr<tokenIndex=264> ')'<tokenIndex=266>  
        )
        (
          {this.precpred(this._ctx, 6)}?<p=6> op=('*'<tokenIndex=207> | '/'<tokenIndex=211>) expr<tokenIndex=214,p=7>
                  | {this.precpred(this._ctx, 5)}?<p=5> op=('+'<tokenIndex=227> | '-'<tokenIndex=231>) expr<tokenIndex=234,p=6>
        )*
    ;
2024-03-19 14:47:38:149 grammar LogManager.java:25 added: (RULE expr (BLOCK (ALT (BLOCK (ALT {} (INT (ELEMENT_OPTIONS (= tokenIndex 241)))) (ALT (ID (ELEMENT_OPTIONS (= tokenIndex 248)))) (ALT (STRING (ELEMENT_OPTIONS (= tokenIndex 255)))) (ALT ('(' (ELEMENT_OPTIONS (= tokenIndex 262))) (expr (ELEMENT_OPTIONS (= tokenIndex 264))) (')' (ELEMENT_OPTIONS (= tokenIndex 266))))) (* (BLOCK (ALT ({this.precpred(this._ctx, 6)}? (ELEMENT_OPTIONS (= p 6))) (= op (SET ('*' (ELEMENT_OPTIONS (= tokenIndex 207))) ('/' (ELEMENT_OPTIONS (= tokenIndex 211))))) (expr (ELEMENT_OPTIONS (= tokenIndex 214) (= p 7)))) (ALT ({this.precpred(this._ctx, 5)}? (ELEMENT_OPTIONS (= p 5))) (= op (SET ('+' (ELEMENT_OPTIONS (= tokenIndex 227))) ('-' (ELEMENT_OPTIONS (= tokenIndex 231))))) (expr (ELEMENT_OPTIONS (= tokenIndex 234) (= p 6)))))))))
2024-03-19 14:47:38:157 semantics LogManager.java:25 tokens={EOF=-1, T__0=1, T__1=2, T__2=3, T__3=4, T__4=5, T__5=6, T__6=7, T__7=8, T__8=9, IF=10, ELSE=11, STRING=12, MAYORQUE=13, MENORQUE=14, MAYORIGUAL=15, MENORIGUAL=16, DOBLEIGUAL=17, NEGACION=18, INSERT=19, INT=20, CODE=21, ID=22, SEMI=23, MUL=24, DIV=25, ADD=26, SUB=27, WS=28}
2024-03-19 14:47:38:157 semantics LogManager.java:25 strings={'{'=1, '}'=2, '='=3, 'MostrarMensaje('=4, ')'=5, '('=6, 'margit'=7, 'radahn'=8, 'godrick'=9, 'condition'=10, 'otherwise'=11, '>'=13, '<'=14, '>='=15, '<='=16, '=='=17, '!='=18, 'iniciar'=19, 'codigo'=21, ';'=23, '*'=24, '/'=25, '+'=26, '-'=27}
2024-03-19 14:47:38:189 LL1 LogManager.java:25 
DECISION 0 in rule content
2024-03-19 14:47:38:189 LL1 LogManager.java:25 look=[{4, 7..10, 22}, 2]
2024-03-19 14:47:38:193 LL1 LogManager.java:25 LL(1)? true
2024-03-19 14:47:38:193 LL1 LogManager.java:25 
DECISION 1 in rule expresiones
2024-03-19 14:47:38:193 LL1 LogManager.java:25 look=[{7..9}, 22, 4, 10]
2024-03-19 14:47:38:195 LL1 LogManager.java:25 LL(1)? true
2024-03-19 14:47:38:195 LL1 LogManager.java:25 
DECISION 2 in rule declaraciones
2024-03-19 14:47:38:195 LL1 LogManager.java:25 look=[{7..9}, {7..9}]
2024-03-19 14:47:38:195 LL1 LogManager.java:25 LL(1)? false
2024-03-19 14:47:38:195 LL1 LogManager.java:25 
DECISION 3 in rule condiciones
2024-03-19 14:47:38:196 LL1 LogManager.java:25 look=[{4, 7..10, 22}, 2]
2024-03-19 14:47:38:196 LL1 LogManager.java:25 LL(1)? true
2024-03-19 14:47:38:196 LL1 LogManager.java:25 
DECISION 4 in rule condiciones
2024-03-19 14:47:38:196 LL1 LogManager.java:25 look=[11, {2, 4, 7..10, 22}]
2024-03-19 14:47:38:197 LL1 LogManager.java:25 LL(1)? true
2024-03-19 14:47:38:197 LL1 LogManager.java:25 
DECISION 5 in rule otherwise
2024-03-19 14:47:38:197 LL1 LogManager.java:25 look=[{4, 7..10, 22}, 2]
2024-03-19 14:47:38:197 LL1 LogManager.java:25 LL(1)? true
2024-03-19 14:47:38:197 LL1 LogManager.java:25 
DECISION 6 in rule expr
2024-03-19 14:47:38:197 LL1 LogManager.java:25 look=[20, 22, 12, 6]
2024-03-19 14:47:38:198 LL1 LogManager.java:25 LL(1)? true
2024-03-19 14:47:38:198 LL1 LogManager.java:25 
DECISION 7 in rule expr
2024-03-19 14:47:38:198 LL1 LogManager.java:25 look=[null, null]
2024-03-19 14:47:38:198 LL1 LogManager.java:25 LL(1)? false
2024-03-19 14:47:38:198 LL1 LogManager.java:25 
DECISION 8 in rule expr
2024-03-19 14:47:38:198 LL1 LogManager.java:25 look=[null, null]
2024-03-19 14:47:38:198 LL1 LogManager.java:25 LL(1)? false
2024-03-19 14:47:38:297 action-translator LogManager.java:25 translate 
2024-03-19 14:47:38:297 action-translator LogManager.java:25 translate this.precpred(this._ctx, 6)
2024-03-19 14:47:38:297 action-translator LogManager.java:25 translate this.precpred(this._ctx, 5)
2024-03-19 14:47:38:305 action-translator LogManager.java:25 translate this.precpred(this._ctx, 6)
2024-03-19 14:47:38:305 action-translator LogManager.java:25 translate this.precpred(this._ctx, 5)
