2024-02-23 12:47:49:635 grammar LogManager.java:25 load LexerRules from ./grammar/CodeFile.g4
2024-02-23 12:47:49:643 grammar LogManager.java:25 before: (COMBINED_GRAMMAR CodeFile (import LexerRules) (RULES (RULE start (BLOCK (ALT INSERT CODE '{' content '}'))) (RULE content (BLOCK (ALT (* (BLOCK (ALT expresiones)))))) (RULE expresiones (BLOCK (ALT declaraciones) (ALT asignaciones))) (RULE declaraciones (BLOCK (ALT tipo ID (+ (BLOCK (ALT SEMI)))) (ALT tipo (= id (BLOCK (ALT ID_invalido) (ALT INT))) (+ (BLOCK (ALT SEMI)))) (ALT tipo ID '=' (= value (BLOCK (ALT INT) (ALT CHAR) (ALT FLOAT))) (+ (BLOCK (ALT SEMI)))))) (RULE asignaciones (BLOCK (ALT ID '=' (= value (BLOCK (ALT INT) (ALT CHAR) (ALT FLOAT))) (+ (BLOCK (ALT SEMI)))))) (RULE tipo (BLOCK (ALT 'margit') (ALT 'radahn') (ALT 'godrick'))) (RULE expr (BLOCK (ALT expr (= op (BLOCK (ALT '*') (ALT '/'))) expr) (ALT expr (= op (BLOCK (ALT '+') (ALT '-'))) expr) (ALT INT) (ALT FLOAT) (ALT CHAR) (ALT ID) (ALT '(' expr ')'))) (RULE MUL (BLOCK (ALT '*'))) (RULE DIV (BLOCK (ALT '/'))) (RULE ADD (BLOCK (ALT '+'))) (RULE SUB (BLOCK (ALT '-')))))
2024-02-23 12:47:49:651 grammar LogManager.java:25 imported actions: []
2024-02-23 12:47:49:655 grammar LogManager.java:25 imported rule: (RULE INSERT (BLOCK (ALT 'iniciar')))
2024-02-23 12:47:49:655 grammar LogManager.java:25 imported rule: (RULE CODE (BLOCK (ALT 'codigo')))
2024-02-23 12:47:49:655 grammar LogManager.java:25 imported rule: (RULE ID (BLOCK (ALT (+ (BLOCK (ALT [a-zA-Z]))))))
2024-02-23 12:47:49:655 grammar LogManager.java:25 imported rule: (RULE INT (BLOCK (ALT (+ (BLOCK (ALT [0-9]))))))
2024-02-23 12:47:49:655 grammar LogManager.java:25 imported rule: (RULE FLOAT (BLOCK (ALT (+ (BLOCK (ALT [0-9]))) [.] (+ (BLOCK (ALT [0-9]))))))
2024-02-23 12:47:49:655 grammar LogManager.java:25 imported rule: (RULE CHAR (BLOCK (ALT [a-zA-Z])))
2024-02-23 12:47:49:655 grammar LogManager.java:25 imported rule: (RULE ID_invalido (BLOCK (ALT (+ (BLOCK (ALT [A-Za-z0-9+\-]))))))
2024-02-23 12:47:49:655 grammar LogManager.java:25 imported rule: (RULE SEMI (BLOCK (ALT ';')))
2024-02-23 12:47:49:655 grammar LogManager.java:25 imported rule: (RULE WS (BLOCK (LEXER_ALT_ACTION (ALT (+ (BLOCK (ALT [ \t\r\n])))) skip)))
2024-02-23 12:47:49:655 grammar LogManager.java:25 Grammar: (COMBINED_GRAMMAR CodeFile (import LexerRules) (RULES (RULE start (BLOCK (ALT INSERT CODE '{' content '}'))) (RULE content (BLOCK (ALT (* (BLOCK (ALT expresiones)))))) (RULE expresiones (BLOCK (ALT declaraciones) (ALT asignaciones))) (RULE declaraciones (BLOCK (ALT tipo ID (+ (BLOCK (ALT SEMI)))) (ALT tipo (= id (BLOCK (ALT ID_invalido) (ALT INT))) (+ (BLOCK (ALT SEMI)))) (ALT tipo ID '=' (= value (BLOCK (ALT INT) (ALT CHAR) (ALT FLOAT))) (+ (BLOCK (ALT SEMI)))))) (RULE asignaciones (BLOCK (ALT ID '=' (= value (BLOCK (ALT INT) (ALT CHAR) (ALT FLOAT))) (+ (BLOCK (ALT SEMI)))))) (RULE tipo (BLOCK (ALT 'margit') (ALT 'radahn') (ALT 'godrick'))) (RULE expr (BLOCK (ALT expr (= op (BLOCK (ALT '*') (ALT '/'))) expr) (ALT expr (= op (BLOCK (ALT '+') (ALT '-'))) expr) (ALT INT) (ALT FLOAT) (ALT CHAR) (ALT ID) (ALT '(' expr ')'))) (RULE MUL (BLOCK (ALT '*'))) (RULE DIV (BLOCK (ALT '/'))) (RULE ADD (BLOCK (ALT '+'))) (RULE SUB (BLOCK (ALT '-'))) (RULE INSERT (BLOCK (ALT 'iniciar'))) (RULE CODE (BLOCK (ALT 'codigo'))) (RULE ID (BLOCK (ALT (+ (BLOCK (ALT [a-zA-Z])))))) (RULE INT (BLOCK (ALT (+ (BLOCK (ALT [0-9])))))) (RULE FLOAT (BLOCK (ALT (+ (BLOCK (ALT [0-9]))) [.] (+ (BLOCK (ALT [0-9])))))) (RULE CHAR (BLOCK (ALT [a-zA-Z]))) (RULE ID_invalido (BLOCK (ALT (+ (BLOCK (ALT [A-Za-z0-9+\-])))))) (RULE SEMI (BLOCK (ALT ';'))) (RULE WS (BLOCK (LEXER_ALT_ACTION (ALT (+ (BLOCK (ALT [ \t\r\n])))) skip)))))
2024-02-23 12:47:49:726 grammar LogManager.java:25 after: (COMBINED_GRAMMAR CodeFile (import LexerRules) (RULES (RULE start (BLOCK (ALT INSERT CODE '{' content '}'))) (RULE content (BLOCK (ALT (* (BLOCK (ALT expresiones)))))) (RULE expresiones (BLOCK (ALT declaraciones) (ALT asignaciones))) (RULE declaraciones (BLOCK (ALT tipo ID (+ (BLOCK (ALT SEMI)))) (ALT tipo (= id (SET ID_invalido INT)) (+ (BLOCK (ALT SEMI)))) (ALT tipo ID '=' (= value (SET INT CHAR FLOAT)) (+ (BLOCK (ALT SEMI)))))) (RULE asignaciones (BLOCK (ALT ID '=' (= value (SET INT CHAR FLOAT)) (+ (BLOCK (ALT SEMI)))))) (RULE tipo (BLOCK (ALT (SET 'margit' 'radahn' 'godrick')))) (RULE expr (BLOCK (ALT expr (= op (SET '*' '/')) expr) (ALT expr (= op (SET '+' '-')) expr) (ALT INT) (ALT FLOAT) (ALT CHAR) (ALT ID) (ALT '(' expr ')'))) (RULE MUL (BLOCK (ALT '*'))) (RULE DIV (BLOCK (ALT '/'))) (RULE ADD (BLOCK (ALT '+'))) (RULE SUB (BLOCK (ALT '-'))) (RULE INSERT (BLOCK (ALT 'iniciar'))) (RULE CODE (BLOCK (ALT 'codigo'))) (RULE ID (BLOCK (ALT (+ (BLOCK (ALT [a-zA-Z])))))) (RULE INT (BLOCK (ALT (+ (BLOCK (ALT [0-9])))))) (RULE FLOAT (BLOCK (ALT (+ (BLOCK (ALT [0-9]))) [.] (+ (BLOCK (ALT [0-9])))))) (RULE CHAR (BLOCK (ALT [a-zA-Z]))) (RULE ID_invalido (BLOCK (ALT (+ (BLOCK (ALT [A-Za-z0-9+\-])))))) (RULE SEMI (BLOCK (ALT ';'))) (RULE WS (BLOCK (LEXER_ALT_ACTION (ALT (+ (BLOCK (ALT [ \t\r\n])))) skip)))))
2024-02-23 12:47:49:813 grammar LogManager.java:25 after extract implicit lexer =(COMBINED_GRAMMAR CodeFile (import LexerRules) (RULES (RULE start (BLOCK (ALT INSERT CODE '{' content '}'))) (RULE content (BLOCK (ALT (* (BLOCK (ALT expresiones)))))) (RULE expresiones (BLOCK (ALT declaraciones) (ALT asignaciones))) (RULE declaraciones (BLOCK (ALT tipo ID (+ (BLOCK (ALT SEMI)))) (ALT tipo (= id (SET ID_invalido INT)) (+ (BLOCK (ALT SEMI)))) (ALT tipo ID '=' (= value (SET INT CHAR FLOAT)) (+ (BLOCK (ALT SEMI)))))) (RULE asignaciones (BLOCK (ALT ID '=' (= value (SET INT CHAR FLOAT)) (+ (BLOCK (ALT SEMI)))))) (RULE tipo (BLOCK (ALT (SET 'margit' 'radahn' 'godrick')))) (RULE expr (BLOCK (ALT expr (= op (SET '*' '/')) expr) (ALT expr (= op (SET '+' '-')) expr) (ALT INT) (ALT FLOAT) (ALT CHAR) (ALT ID) (ALT '(' expr ')')))))
2024-02-23 12:47:49:813 grammar LogManager.java:25 lexer =(LEXER_GRAMMAR CodeFileLexer (RULES (RULE T__0 (BLOCK (ALT '{'))) (RULE T__1 (BLOCK (ALT '}'))) (RULE T__2 (BLOCK (ALT '='))) (RULE T__3 (BLOCK (ALT 'margit'))) (RULE T__4 (BLOCK (ALT 'radahn'))) (RULE T__5 (BLOCK (ALT 'godrick'))) (RULE T__6 (BLOCK (ALT '('))) (RULE T__7 (BLOCK (ALT ')'))) (RULE MUL (BLOCK (ALT '*'))) (RULE DIV (BLOCK (ALT '/'))) (RULE ADD (BLOCK (ALT '+'))) (RULE SUB (BLOCK (ALT '-'))) (RULE INSERT (BLOCK (ALT 'iniciar'))) (RULE CODE (BLOCK (ALT 'codigo'))) (RULE ID (BLOCK (ALT (+ (BLOCK (ALT [a-zA-Z])))))) (RULE INT (BLOCK (ALT (+ (BLOCK (ALT [0-9])))))) (RULE FLOAT (BLOCK (ALT (+ (BLOCK (ALT [0-9]))) [.] (+ (BLOCK (ALT [0-9])))))) (RULE CHAR (BLOCK (ALT [a-zA-Z]))) (RULE ID_invalido (BLOCK (ALT (+ (BLOCK (ALT [A-Za-z0-9+\-])))))) (RULE SEMI (BLOCK (ALT ';'))) (RULE WS (BLOCK (LEXER_ALT_ACTION (ALT (+ (BLOCK (ALT [ \t\r\n])))) skip)))))
2024-02-23 12:47:50:147 left-recursion LogManager.java:25 expr
    :   ( {} INT<tokenIndex=175>  
        | FLOAT<tokenIndex=183>  
        | CHAR<tokenIndex=190>   
        | ID<tokenIndex=197>  
        | '('<tokenIndex=205> expr<tokenIndex=207> ')'<tokenIndex=209>  
        )
        (
          {this.precpred(this._ctx, 7)}?<p=7> op=('*'<tokenIndex=144>|'/'<tokenIndex=146>) expr<tokenIndex=149,p=8>
                  | {this.precpred(this._ctx, 6)}?<p=6> op=('+'<tokenIndex=162>|'-'<tokenIndex=164>) expr<tokenIndex=167,p=7>
        )*
    ;
2024-02-23 12:47:50:161 grammar LogManager.java:25 added: (RULE expr (BLOCK (ALT (BLOCK (ALT {} (INT (ELEMENT_OPTIONS (= tokenIndex 175)))) (ALT (FLOAT (ELEMENT_OPTIONS (= tokenIndex 183)))) (ALT (CHAR (ELEMENT_OPTIONS (= tokenIndex 190)))) (ALT (ID (ELEMENT_OPTIONS (= tokenIndex 197)))) (ALT ('(' (ELEMENT_OPTIONS (= tokenIndex 205))) (expr (ELEMENT_OPTIONS (= tokenIndex 207))) (')' (ELEMENT_OPTIONS (= tokenIndex 209))))) (* (BLOCK (ALT ({this.precpred(this._ctx, 7)}? (ELEMENT_OPTIONS (= p 7))) (= op (SET ('*' (ELEMENT_OPTIONS (= tokenIndex 144))) ('/' (ELEMENT_OPTIONS (= tokenIndex 146))))) (expr (ELEMENT_OPTIONS (= tokenIndex 149) (= p 8)))) (ALT ({this.precpred(this._ctx, 6)}? (ELEMENT_OPTIONS (= p 6))) (= op (SET ('+' (ELEMENT_OPTIONS (= tokenIndex 162))) ('-' (ELEMENT_OPTIONS (= tokenIndex 164))))) (expr (ELEMENT_OPTIONS (= tokenIndex 167) (= p 7)))))))))
2024-02-23 12:47:50:169 semantics LogManager.java:25 tokens={EOF=-1, T__0=1, T__1=2, T__2=3, T__3=4, T__4=5, T__5=6, T__6=7, T__7=8, MUL=9, DIV=10, ADD=11, SUB=12, INSERT=13, CODE=14, ID=15, INT=16, FLOAT=17, CHAR=18, ID_invalido=19, SEMI=20, WS=21}
2024-02-23 12:47:50:169 semantics LogManager.java:25 strings={'{'=1, '}'=2, '='=3, 'margit'=4, 'radahn'=5, 'godrick'=6, '('=7, ')'=8, '*'=9, '/'=10, '+'=11, '-'=12, 'iniciar'=13, 'codigo'=14, ';'=20}
2024-02-23 12:47:50:187 LL1 LogManager.java:25 
DECISION 0 in rule content
2024-02-23 12:47:50:187 LL1 LogManager.java:25 look=[{4..6, 15}, 2]
2024-02-23 12:47:50:187 LL1 LogManager.java:25 LL(1)? true
2024-02-23 12:47:50:187 LL1 LogManager.java:25 
DECISION 1 in rule expresiones
2024-02-23 12:47:50:190 LL1 LogManager.java:25 look=[{4..6}, 15]
2024-02-23 12:47:50:190 LL1 LogManager.java:25 LL(1)? true
2024-02-23 12:47:50:190 LL1 LogManager.java:25 
DECISION 2 in rule declaraciones
2024-02-23 12:47:50:190 LL1 LogManager.java:25 look=[20, {2, 4..6, 15}]
2024-02-23 12:47:50:190 LL1 LogManager.java:25 LL(1)? true
2024-02-23 12:47:50:190 LL1 LogManager.java:25 
DECISION 3 in rule declaraciones
2024-02-23 12:47:50:190 LL1 LogManager.java:25 look=[20, {2, 4..6, 15}]
2024-02-23 12:47:50:190 LL1 LogManager.java:25 LL(1)? true
2024-02-23 12:47:50:190 LL1 LogManager.java:25 
DECISION 4 in rule declaraciones
2024-02-23 12:47:50:190 LL1 LogManager.java:25 look=[20, {2, 4..6, 15}]
2024-02-23 12:47:50:190 LL1 LogManager.java:25 LL(1)? true
2024-02-23 12:47:50:190 LL1 LogManager.java:25 
DECISION 5 in rule declaraciones
2024-02-23 12:47:50:192 LL1 LogManager.java:25 look=[{4..6}, {4..6}, {4..6}]
2024-02-23 12:47:50:192 LL1 LogManager.java:25 LL(1)? false
2024-02-23 12:47:50:192 LL1 LogManager.java:25 
DECISION 6 in rule asignaciones
2024-02-23 12:47:50:192 LL1 LogManager.java:25 look=[20, {2, 4..6, 15}]
2024-02-23 12:47:50:192 LL1 LogManager.java:25 LL(1)? true
2024-02-23 12:47:50:192 LL1 LogManager.java:25 
DECISION 7 in rule expr
2024-02-23 12:47:50:193 LL1 LogManager.java:25 look=[16, 17, 18, 15, 7]
2024-02-23 12:47:50:193 LL1 LogManager.java:25 LL(1)? true
2024-02-23 12:47:50:193 LL1 LogManager.java:25 
DECISION 8 in rule expr
2024-02-23 12:47:50:193 LL1 LogManager.java:25 look=[null, null]
2024-02-23 12:47:50:193 LL1 LogManager.java:25 LL(1)? false
2024-02-23 12:47:50:193 LL1 LogManager.java:25 
DECISION 9 in rule expr
2024-02-23 12:47:50:193 LL1 LogManager.java:25 look=[null, null]
2024-02-23 12:47:50:194 LL1 LogManager.java:25 LL(1)? false
2024-02-23 12:47:50:244 action-translator LogManager.java:25 translate 
2024-02-23 12:47:50:247 action-translator LogManager.java:25 translate this.precpred(this._ctx, 7)
2024-02-23 12:47:50:248 action-translator LogManager.java:25 translate this.precpred(this._ctx, 6)
2024-02-23 12:47:50:252 action-translator LogManager.java:25 translate this.precpred(this._ctx, 7)
2024-02-23 12:47:50:252 action-translator LogManager.java:25 translate this.precpred(this._ctx, 6)
