2024-03-02 21:41:41:849 grammar LogManager.java:25 load LexerRules from ./grammar/CodeFile.g4
2024-03-02 21:41:41:852 grammar LogManager.java:25 before: (COMBINED_GRAMMAR CodeFile (import LexerRules) (RULES (RULE start (BLOCK (ALT INSERT CODE '{' content '}'))) (RULE content (BLOCK (ALT (* (BLOCK (ALT expresiones)))))) (RULE expresiones (BLOCK (ALT declaraciones) (ALT asignaciones))) (RULE declaraciones (BLOCK (ALT tipo ID SEMI) (ALT tipo (= id (BLOCK (ALT ID_invalido) (ALT INT))) SEMI) (ALT tipo ID '=' expr SEMI))) (RULE asignaciones (BLOCK (ALT ID '=' expr SEMI))) (RULE tipo (BLOCK (ALT 'margit') (ALT 'radahn') (ALT 'godrick'))) (RULE expr (BLOCK (ALT expr (= op (BLOCK (ALT '*') (ALT '/'))) expr) (ALT expr (= op (BLOCK (ALT '+') (ALT '-'))) expr) (ALT INT) (ALT ID) (ALT '(' expr ')'))) (RULE MUL (BLOCK (ALT '*'))) (RULE DIV (BLOCK (ALT '/'))) (RULE ADD (BLOCK (ALT '+'))) (RULE SUB (BLOCK (ALT '-')))))
2024-03-02 21:41:41:856 grammar LogManager.java:25 imported actions: []
2024-03-02 21:41:41:856 grammar LogManager.java:25 imported rule: (RULE INSERT (BLOCK (ALT 'iniciar')))
2024-03-02 21:41:41:857 grammar LogManager.java:25 imported rule: (RULE INT (BLOCK (ALT (+ (BLOCK (ALT [0-9]))))))
2024-03-02 21:41:41:857 grammar LogManager.java:25 imported rule: (RULE CODE (BLOCK (ALT 'codigo')))
2024-03-02 21:41:41:857 grammar LogManager.java:25 imported rule: (RULE ID (BLOCK (ALT (+ (BLOCK (ALT [a-zA-Z]))))))
2024-03-02 21:41:41:857 grammar LogManager.java:25 imported rule: (RULE ID_invalido (BLOCK (ALT (+ (BLOCK (ALT [A-Za-z0-9+\-]))))))
2024-03-02 21:41:41:857 grammar LogManager.java:25 imported rule: (RULE SEMI (BLOCK (ALT ';')))
2024-03-02 21:41:41:857 grammar LogManager.java:25 imported rule: (RULE WS (BLOCK (LEXER_ALT_ACTION (ALT (+ (BLOCK (ALT [ \t\r\n])))) skip)))
2024-03-02 21:41:41:857 grammar LogManager.java:25 imported rule: (RULE SIMBOLO (BLOCK (ALT [a-zA-Z0-9!@#$%^&*()\-=+[\]{};:'",<.>/?\\|~`])))
2024-03-02 21:41:41:857 grammar LogManager.java:25 Grammar: (COMBINED_GRAMMAR CodeFile (import LexerRules) (RULES (RULE start (BLOCK (ALT INSERT CODE '{' content '}'))) (RULE content (BLOCK (ALT (* (BLOCK (ALT expresiones)))))) (RULE expresiones (BLOCK (ALT declaraciones) (ALT asignaciones))) (RULE declaraciones (BLOCK (ALT tipo ID SEMI) (ALT tipo (= id (BLOCK (ALT ID_invalido) (ALT INT))) SEMI) (ALT tipo ID '=' expr SEMI))) (RULE asignaciones (BLOCK (ALT ID '=' expr SEMI))) (RULE tipo (BLOCK (ALT 'margit') (ALT 'radahn') (ALT 'godrick'))) (RULE expr (BLOCK (ALT expr (= op (BLOCK (ALT '*') (ALT '/'))) expr) (ALT expr (= op (BLOCK (ALT '+') (ALT '-'))) expr) (ALT INT) (ALT ID) (ALT '(' expr ')'))) (RULE MUL (BLOCK (ALT '*'))) (RULE DIV (BLOCK (ALT '/'))) (RULE ADD (BLOCK (ALT '+'))) (RULE SUB (BLOCK (ALT '-'))) (RULE INSERT (BLOCK (ALT 'iniciar'))) (RULE INT (BLOCK (ALT (+ (BLOCK (ALT [0-9])))))) (RULE CODE (BLOCK (ALT 'codigo'))) (RULE ID (BLOCK (ALT (+ (BLOCK (ALT [a-zA-Z])))))) (RULE ID_invalido (BLOCK (ALT (+ (BLOCK (ALT [A-Za-z0-9+\-])))))) (RULE SEMI (BLOCK (ALT ';'))) (RULE WS (BLOCK (LEXER_ALT_ACTION (ALT (+ (BLOCK (ALT [ \t\r\n])))) skip))) (RULE SIMBOLO (BLOCK (ALT [a-zA-Z0-9!@#$%^&*()\-=+[\]{};:'",<.>/?\\|~`])))))
2024-03-02 21:41:41:872 grammar LogManager.java:25 after: (COMBINED_GRAMMAR CodeFile (import LexerRules) (RULES (RULE start (BLOCK (ALT INSERT CODE '{' content '}'))) (RULE content (BLOCK (ALT (* (BLOCK (ALT expresiones)))))) (RULE expresiones (BLOCK (ALT declaraciones) (ALT asignaciones))) (RULE declaraciones (BLOCK (ALT tipo ID SEMI) (ALT tipo (= id (SET ID_invalido INT)) SEMI) (ALT tipo ID '=' expr SEMI))) (RULE asignaciones (BLOCK (ALT ID '=' expr SEMI))) (RULE tipo (BLOCK (ALT (SET 'margit' 'radahn' 'godrick')))) (RULE expr (BLOCK (ALT expr (= op (SET '*' '/')) expr) (ALT expr (= op (SET '+' '-')) expr) (ALT INT) (ALT ID) (ALT '(' expr ')'))) (RULE MUL (BLOCK (ALT '*'))) (RULE DIV (BLOCK (ALT '/'))) (RULE ADD (BLOCK (ALT '+'))) (RULE SUB (BLOCK (ALT '-'))) (RULE INSERT (BLOCK (ALT 'iniciar'))) (RULE INT (BLOCK (ALT (+ (BLOCK (ALT [0-9])))))) (RULE CODE (BLOCK (ALT 'codigo'))) (RULE ID (BLOCK (ALT (+ (BLOCK (ALT [a-zA-Z])))))) (RULE ID_invalido (BLOCK (ALT (+ (BLOCK (ALT [A-Za-z0-9+\-])))))) (RULE SEMI (BLOCK (ALT ';'))) (RULE WS (BLOCK (LEXER_ALT_ACTION (ALT (+ (BLOCK (ALT [ \t\r\n])))) skip))) (RULE SIMBOLO (BLOCK (ALT [a-zA-Z0-9!@#$%^&*()\-=+[\]{};:'",<.>/?\\|~`])))))
2024-03-02 21:41:41:893 grammar LogManager.java:25 after extract implicit lexer =(COMBINED_GRAMMAR CodeFile (import LexerRules) (RULES (RULE start (BLOCK (ALT INSERT CODE '{' content '}'))) (RULE content (BLOCK (ALT (* (BLOCK (ALT expresiones)))))) (RULE expresiones (BLOCK (ALT declaraciones) (ALT asignaciones))) (RULE declaraciones (BLOCK (ALT tipo ID SEMI) (ALT tipo (= id (SET ID_invalido INT)) SEMI) (ALT tipo ID '=' expr SEMI))) (RULE asignaciones (BLOCK (ALT ID '=' expr SEMI))) (RULE tipo (BLOCK (ALT (SET 'margit' 'radahn' 'godrick')))) (RULE expr (BLOCK (ALT expr (= op (SET '*' '/')) expr) (ALT expr (= op (SET '+' '-')) expr) (ALT INT) (ALT ID) (ALT '(' expr ')')))))
2024-03-02 21:41:41:893 grammar LogManager.java:25 lexer =(LEXER_GRAMMAR CodeFileLexer (RULES (RULE T__0 (BLOCK (ALT '{'))) (RULE T__1 (BLOCK (ALT '}'))) (RULE T__2 (BLOCK (ALT '='))) (RULE T__3 (BLOCK (ALT 'margit'))) (RULE T__4 (BLOCK (ALT 'radahn'))) (RULE T__5 (BLOCK (ALT 'godrick'))) (RULE T__6 (BLOCK (ALT '('))) (RULE T__7 (BLOCK (ALT ')'))) (RULE MUL (BLOCK (ALT '*'))) (RULE DIV (BLOCK (ALT '/'))) (RULE ADD (BLOCK (ALT '+'))) (RULE SUB (BLOCK (ALT '-'))) (RULE INSERT (BLOCK (ALT 'iniciar'))) (RULE INT (BLOCK (ALT (+ (BLOCK (ALT [0-9])))))) (RULE CODE (BLOCK (ALT 'codigo'))) (RULE ID (BLOCK (ALT (+ (BLOCK (ALT [a-zA-Z])))))) (RULE ID_invalido (BLOCK (ALT (+ (BLOCK (ALT [A-Za-z0-9+\-])))))) (RULE SEMI (BLOCK (ALT ';'))) (RULE WS (BLOCK (LEXER_ALT_ACTION (ALT (+ (BLOCK (ALT [ \t\r\n])))) skip))) (RULE SIMBOLO (BLOCK (ALT [a-zA-Z0-9!@#$%^&*()\-=+[\]{};:'",<.>/?\\|~`])))))
2024-03-02 21:41:42:184 left-recursion LogManager.java:25 expr
    :   ( {} INT<tokenIndex=158>  
        | ID<tokenIndex=165>  
        | '('<tokenIndex=172> expr<tokenIndex=174> ')'<tokenIndex=176>  
        )
        (
          {this.precpred(this._ctx, 5)}?<p=5> op=('*'<tokenIndex=124> | '/'<tokenIndex=128>) expr<tokenIndex=131,p=6>
                  | {this.precpred(this._ctx, 4)}?<p=4> op=('+'<tokenIndex=144> | '-'<tokenIndex=148>) expr<tokenIndex=151,p=5>
        )*
    ;
2024-03-02 21:41:42:198 grammar LogManager.java:25 added: (RULE expr (BLOCK (ALT (BLOCK (ALT {} (INT (ELEMENT_OPTIONS (= tokenIndex 158)))) (ALT (ID (ELEMENT_OPTIONS (= tokenIndex 165)))) (ALT ('(' (ELEMENT_OPTIONS (= tokenIndex 172))) (expr (ELEMENT_OPTIONS (= tokenIndex 174))) (')' (ELEMENT_OPTIONS (= tokenIndex 176))))) (* (BLOCK (ALT ({this.precpred(this._ctx, 5)}? (ELEMENT_OPTIONS (= p 5))) (= op (SET ('*' (ELEMENT_OPTIONS (= tokenIndex 124))) ('/' (ELEMENT_OPTIONS (= tokenIndex 128))))) (expr (ELEMENT_OPTIONS (= tokenIndex 131) (= p 6)))) (ALT ({this.precpred(this._ctx, 4)}? (ELEMENT_OPTIONS (= p 4))) (= op (SET ('+' (ELEMENT_OPTIONS (= tokenIndex 144))) ('-' (ELEMENT_OPTIONS (= tokenIndex 148))))) (expr (ELEMENT_OPTIONS (= tokenIndex 151) (= p 5)))))))))
2024-03-02 21:41:42:202 semantics LogManager.java:25 tokens={EOF=-1, T__0=1, T__1=2, T__2=3, T__3=4, T__4=5, T__5=6, T__6=7, T__7=8, MUL=9, DIV=10, ADD=11, SUB=12, INSERT=13, INT=14, CODE=15, ID=16, ID_invalido=17, SEMI=18, WS=19, SIMBOLO=20}
2024-03-02 21:41:42:202 semantics LogManager.java:25 strings={'{'=1, '}'=2, '='=3, 'margit'=4, 'radahn'=5, 'godrick'=6, '('=7, ')'=8, '*'=9, '/'=10, '+'=11, '-'=12, 'iniciar'=13, 'codigo'=15, ';'=18}
2024-03-02 21:41:42:217 LL1 LogManager.java:25 
DECISION 0 in rule content
2024-03-02 21:41:42:217 LL1 LogManager.java:25 look=[{4..6, 16}, 2]
2024-03-02 21:41:42:218 LL1 LogManager.java:25 LL(1)? true
2024-03-02 21:41:42:218 LL1 LogManager.java:25 
DECISION 1 in rule expresiones
2024-03-02 21:41:42:218 LL1 LogManager.java:25 look=[{4..6}, 16]
2024-03-02 21:41:42:218 LL1 LogManager.java:25 LL(1)? true
2024-03-02 21:41:42:218 LL1 LogManager.java:25 
DECISION 2 in rule declaraciones
2024-03-02 21:41:42:218 LL1 LogManager.java:25 look=[{4..6}, {4..6}, {4..6}]
2024-03-02 21:41:42:218 LL1 LogManager.java:25 LL(1)? false
2024-03-02 21:41:42:218 LL1 LogManager.java:25 
DECISION 3 in rule expr
2024-03-02 21:41:42:218 LL1 LogManager.java:25 look=[14, 16, 7]
2024-03-02 21:41:42:219 LL1 LogManager.java:25 LL(1)? true
2024-03-02 21:41:42:219 LL1 LogManager.java:25 
DECISION 4 in rule expr
2024-03-02 21:41:42:219 LL1 LogManager.java:25 look=[null, null]
2024-03-02 21:41:42:219 LL1 LogManager.java:25 LL(1)? false
2024-03-02 21:41:42:219 LL1 LogManager.java:25 
DECISION 5 in rule expr
2024-03-02 21:41:42:219 LL1 LogManager.java:25 look=[null, null]
2024-03-02 21:41:42:219 LL1 LogManager.java:25 LL(1)? false
2024-03-02 21:41:42:263 action-translator LogManager.java:25 translate 
2024-03-02 21:41:42:269 action-translator LogManager.java:25 translate this.precpred(this._ctx, 5)
2024-03-02 21:41:42:271 action-translator LogManager.java:25 translate this.precpred(this._ctx, 4)
2024-03-02 21:41:42:279 action-translator LogManager.java:25 translate this.precpred(this._ctx, 5)
2024-03-02 21:41:42:279 action-translator LogManager.java:25 translate this.precpred(this._ctx, 4)
