2024-03-05 21:08:07:664 grammar LogManager.java:25 load LexerRules from ./grammar/CodeFile.g4
2024-03-05 21:08:07:664 grammar LogManager.java:25 before: (COMBINED_GRAMMAR CodeFile (import LexerRules) (RULES (RULE start (BLOCK (ALT INSERT CODE '{' content '}'))) (RULE content (BLOCK (ALT (* (BLOCK (ALT expresiones)))))) (RULE expresiones (BLOCK (ALT declaraciones) (ALT asignaciones) (ALT imprimir))) (RULE declaraciones (BLOCK (ALT tipo ID SEMI) (ALT tipo ID '=' expr SEMI))) (RULE asignaciones (BLOCK (ALT ID '=' expr SEMI))) (RULE imprimir (BLOCK (ALT IMPRIMIR '(' expr ')' SEMI))) (RULE tipo (BLOCK (ALT 'margit') (ALT 'radahn') (ALT 'godrick'))) (RULE expr (BLOCK (ALT expr (= op (BLOCK (ALT '*') (ALT '/'))) expr) (ALT expr (= op (BLOCK (ALT '+') (ALT '-'))) expr) (ALT INT) (ALT ID) (ALT '(' expr ')'))) (RULE MUL (BLOCK (ALT '*'))) (RULE DIV (BLOCK (ALT '/'))) (RULE ADD (BLOCK (ALT '+'))) (RULE SUB (BLOCK (ALT '-')))))
2024-03-05 21:08:07:669 grammar LogManager.java:25 imported actions: []
2024-03-05 21:08:07:669 grammar LogManager.java:25 imported rule: (RULE INSERT (BLOCK (ALT 'iniciar')))
2024-03-05 21:08:07:669 grammar LogManager.java:25 imported rule: (RULE INT (BLOCK (ALT (+ (BLOCK (ALT [0-9]))))))
2024-03-05 21:08:07:669 grammar LogManager.java:25 imported rule: (RULE CODE (BLOCK (ALT 'codigo')))
2024-03-05 21:08:07:669 grammar LogManager.java:25 imported rule: (RULE ID (BLOCK (ALT (+ (BLOCK (ALT [a-zA-Z]))))))
2024-03-05 21:08:07:669 grammar LogManager.java:25 imported rule: (RULE IMPRIMIR (BLOCK (ALT 'printf')))
2024-03-05 21:08:07:669 grammar LogManager.java:25 imported rule: (RULE SEMI (BLOCK (ALT ';')))
2024-03-05 21:08:07:669 grammar LogManager.java:25 imported rule: (RULE WS (BLOCK (LEXER_ALT_ACTION (ALT (+ (BLOCK (ALT [ \t\r\n])))) skip)))
2024-03-05 21:08:07:669 grammar LogManager.java:25 Grammar: (COMBINED_GRAMMAR CodeFile (import LexerRules) (RULES (RULE start (BLOCK (ALT INSERT CODE '{' content '}'))) (RULE content (BLOCK (ALT (* (BLOCK (ALT expresiones)))))) (RULE expresiones (BLOCK (ALT declaraciones) (ALT asignaciones) (ALT imprimir))) (RULE declaraciones (BLOCK (ALT tipo ID SEMI) (ALT tipo ID '=' expr SEMI))) (RULE asignaciones (BLOCK (ALT ID '=' expr SEMI))) (RULE imprimir (BLOCK (ALT IMPRIMIR '(' expr ')' SEMI))) (RULE tipo (BLOCK (ALT 'margit') (ALT 'radahn') (ALT 'godrick'))) (RULE expr (BLOCK (ALT expr (= op (BLOCK (ALT '*') (ALT '/'))) expr) (ALT expr (= op (BLOCK (ALT '+') (ALT '-'))) expr) (ALT INT) (ALT ID) (ALT '(' expr ')'))) (RULE MUL (BLOCK (ALT '*'))) (RULE DIV (BLOCK (ALT '/'))) (RULE ADD (BLOCK (ALT '+'))) (RULE SUB (BLOCK (ALT '-'))) (RULE INSERT (BLOCK (ALT 'iniciar'))) (RULE INT (BLOCK (ALT (+ (BLOCK (ALT [0-9])))))) (RULE CODE (BLOCK (ALT 'codigo'))) (RULE ID (BLOCK (ALT (+ (BLOCK (ALT [a-zA-Z])))))) (RULE IMPRIMIR (BLOCK (ALT 'printf'))) (RULE SEMI (BLOCK (ALT ';'))) (RULE WS (BLOCK (LEXER_ALT_ACTION (ALT (+ (BLOCK (ALT [ \t\r\n])))) skip)))))
2024-03-05 21:08:07:677 grammar LogManager.java:25 after: (COMBINED_GRAMMAR CodeFile (import LexerRules) (RULES (RULE start (BLOCK (ALT INSERT CODE '{' content '}'))) (RULE content (BLOCK (ALT (* (BLOCK (ALT expresiones)))))) (RULE expresiones (BLOCK (ALT declaraciones) (ALT asignaciones) (ALT imprimir))) (RULE declaraciones (BLOCK (ALT tipo ID SEMI) (ALT tipo ID '=' expr SEMI))) (RULE asignaciones (BLOCK (ALT ID '=' expr SEMI))) (RULE imprimir (BLOCK (ALT IMPRIMIR '(' expr ')' SEMI))) (RULE tipo (BLOCK (ALT (SET 'margit' 'radahn' 'godrick')))) (RULE expr (BLOCK (ALT expr (= op (SET '*' '/')) expr) (ALT expr (= op (SET '+' '-')) expr) (ALT INT) (ALT ID) (ALT '(' expr ')'))) (RULE MUL (BLOCK (ALT '*'))) (RULE DIV (BLOCK (ALT '/'))) (RULE ADD (BLOCK (ALT '+'))) (RULE SUB (BLOCK (ALT '-'))) (RULE INSERT (BLOCK (ALT 'iniciar'))) (RULE INT (BLOCK (ALT (+ (BLOCK (ALT [0-9])))))) (RULE CODE (BLOCK (ALT 'codigo'))) (RULE ID (BLOCK (ALT (+ (BLOCK (ALT [a-zA-Z])))))) (RULE IMPRIMIR (BLOCK (ALT 'printf'))) (RULE SEMI (BLOCK (ALT ';'))) (RULE WS (BLOCK (LEXER_ALT_ACTION (ALT (+ (BLOCK (ALT [ \t\r\n])))) skip)))))
2024-03-05 21:08:07:693 grammar LogManager.java:25 after extract implicit lexer =(COMBINED_GRAMMAR CodeFile (import LexerRules) (RULES (RULE start (BLOCK (ALT INSERT CODE '{' content '}'))) (RULE content (BLOCK (ALT (* (BLOCK (ALT expresiones)))))) (RULE expresiones (BLOCK (ALT declaraciones) (ALT asignaciones) (ALT imprimir))) (RULE declaraciones (BLOCK (ALT tipo ID SEMI) (ALT tipo ID '=' expr SEMI))) (RULE asignaciones (BLOCK (ALT ID '=' expr SEMI))) (RULE imprimir (BLOCK (ALT IMPRIMIR '(' expr ')' SEMI))) (RULE tipo (BLOCK (ALT (SET 'margit' 'radahn' 'godrick')))) (RULE expr (BLOCK (ALT expr (= op (SET '*' '/')) expr) (ALT expr (= op (SET '+' '-')) expr) (ALT INT) (ALT ID) (ALT '(' expr ')')))))
2024-03-05 21:08:07:693 grammar LogManager.java:25 lexer =(LEXER_GRAMMAR CodeFileLexer (RULES (RULE T__0 (BLOCK (ALT '{'))) (RULE T__1 (BLOCK (ALT '}'))) (RULE T__2 (BLOCK (ALT '='))) (RULE T__3 (BLOCK (ALT '('))) (RULE T__4 (BLOCK (ALT ')'))) (RULE T__5 (BLOCK (ALT 'margit'))) (RULE T__6 (BLOCK (ALT 'radahn'))) (RULE T__7 (BLOCK (ALT 'godrick'))) (RULE MUL (BLOCK (ALT '*'))) (RULE DIV (BLOCK (ALT '/'))) (RULE ADD (BLOCK (ALT '+'))) (RULE SUB (BLOCK (ALT '-'))) (RULE INSERT (BLOCK (ALT 'iniciar'))) (RULE INT (BLOCK (ALT (+ (BLOCK (ALT [0-9])))))) (RULE CODE (BLOCK (ALT 'codigo'))) (RULE ID (BLOCK (ALT (+ (BLOCK (ALT [a-zA-Z])))))) (RULE IMPRIMIR (BLOCK (ALT 'printf'))) (RULE SEMI (BLOCK (ALT ';'))) (RULE WS (BLOCK (LEXER_ALT_ACTION (ALT (+ (BLOCK (ALT [ \t\r\n])))) skip)))))
2024-03-05 21:08:07:937 left-recursion LogManager.java:25 expr
    :   ( {} INT<tokenIndex=162>  
        | ID<tokenIndex=169>  
        | '('<tokenIndex=176> expr<tokenIndex=178> ')'<tokenIndex=180>  
        )
        (
          {this.precpred(this._ctx, 5)}?<p=5> op=('*'<tokenIndex=128> | '/'<tokenIndex=132>) expr<tokenIndex=135,p=6>
                  | {this.precpred(this._ctx, 4)}?<p=4> op=('+'<tokenIndex=148> | '-'<tokenIndex=152>) expr<tokenIndex=155,p=5>
        )*
    ;
2024-03-05 21:08:07:956 grammar LogManager.java:25 added: (RULE expr (BLOCK (ALT (BLOCK (ALT {} (INT (ELEMENT_OPTIONS (= tokenIndex 162)))) (ALT (ID (ELEMENT_OPTIONS (= tokenIndex 169)))) (ALT ('(' (ELEMENT_OPTIONS (= tokenIndex 176))) (expr (ELEMENT_OPTIONS (= tokenIndex 178))) (')' (ELEMENT_OPTIONS (= tokenIndex 180))))) (* (BLOCK (ALT ({this.precpred(this._ctx, 5)}? (ELEMENT_OPTIONS (= p 5))) (= op (SET ('*' (ELEMENT_OPTIONS (= tokenIndex 128))) ('/' (ELEMENT_OPTIONS (= tokenIndex 132))))) (expr (ELEMENT_OPTIONS (= tokenIndex 135) (= p 6)))) (ALT ({this.precpred(this._ctx, 4)}? (ELEMENT_OPTIONS (= p 4))) (= op (SET ('+' (ELEMENT_OPTIONS (= tokenIndex 148))) ('-' (ELEMENT_OPTIONS (= tokenIndex 152))))) (expr (ELEMENT_OPTIONS (= tokenIndex 155) (= p 5)))))))))
2024-03-05 21:08:07:956 semantics LogManager.java:25 tokens={EOF=-1, T__0=1, T__1=2, T__2=3, T__3=4, T__4=5, T__5=6, T__6=7, T__7=8, MUL=9, DIV=10, ADD=11, SUB=12, INSERT=13, INT=14, CODE=15, ID=16, IMPRIMIR=17, SEMI=18, WS=19}
2024-03-05 21:08:07:956 semantics LogManager.java:25 strings={'{'=1, '}'=2, '='=3, '('=4, ')'=5, 'margit'=6, 'radahn'=7, 'godrick'=8, '*'=9, '/'=10, '+'=11, '-'=12, 'iniciar'=13, 'codigo'=15, 'printf'=17, ';'=18}
2024-03-05 21:08:07:976 LL1 LogManager.java:25 
DECISION 0 in rule content
2024-03-05 21:08:07:977 LL1 LogManager.java:25 look=[{6..8, 16..17}, 2]
2024-03-05 21:08:07:977 LL1 LogManager.java:25 LL(1)? true
2024-03-05 21:08:07:977 LL1 LogManager.java:25 
DECISION 1 in rule expresiones
2024-03-05 21:08:07:977 LL1 LogManager.java:25 look=[{6..8}, 16, 17]
2024-03-05 21:08:07:977 LL1 LogManager.java:25 LL(1)? true
2024-03-05 21:08:07:977 LL1 LogManager.java:25 
DECISION 2 in rule declaraciones
2024-03-05 21:08:07:977 LL1 LogManager.java:25 look=[{6..8}, {6..8}]
2024-03-05 21:08:07:977 LL1 LogManager.java:25 LL(1)? false
2024-03-05 21:08:07:977 LL1 LogManager.java:25 
DECISION 3 in rule expr
2024-03-05 21:08:07:977 LL1 LogManager.java:25 look=[14, 16, 4]
2024-03-05 21:08:07:978 LL1 LogManager.java:25 LL(1)? true
2024-03-05 21:08:07:978 LL1 LogManager.java:25 
DECISION 4 in rule expr
2024-03-05 21:08:07:978 LL1 LogManager.java:25 look=[null, null]
2024-03-05 21:08:07:978 LL1 LogManager.java:25 LL(1)? false
2024-03-05 21:08:07:978 LL1 LogManager.java:25 
DECISION 5 in rule expr
2024-03-05 21:08:07:978 LL1 LogManager.java:25 look=[null, null]
2024-03-05 21:08:07:978 LL1 LogManager.java:25 LL(1)? false
2024-03-05 21:08:08:024 action-translator LogManager.java:25 translate 
2024-03-05 21:08:08:024 action-translator LogManager.java:25 translate this.precpred(this._ctx, 5)
2024-03-05 21:08:08:040 action-translator LogManager.java:25 translate this.precpred(this._ctx, 4)
2024-03-05 21:08:08:040 action-translator LogManager.java:25 translate this.precpred(this._ctx, 5)
2024-03-05 21:08:08:040 action-translator LogManager.java:25 translate this.precpred(this._ctx, 4)
